Class.forName;com.sun.nio.zipfs.ZipFileSystemProvider;java.util.ServiceLoader$LazyIterator.nextService;370;;
Class.forName;com.sun.org.apache.xerces.internal.jaxp.SAXParserFactoryImpl;javax.xml.parsers.FactoryFinder.getProviderClass;113;;
Class.forName;com.sun.org.apache.xerces.internal.jaxp.datatype.DatatypeFactoryImpl;javax.xml.datatype.FactoryFinder.getProviderClass;113;;
Class.forName;java.net.Inet6AddressImpl;java.net.InetAddress.loadImpl;1474;;
Class.forName;java.security.MessageDigestSpi;java.security.Security.getSpiClass;675;;
Class.forName;java.util.logging.LoggingProxyImpl;sun.util.logging.LoggingSupport$1.run;54;;
Class.forName;org.apache.batik.apps.rasterizer.Main;org.dacapo.harness.Batik.<init>;28;;
Class.forName;org.apache.batik.css.parser.Parser;org.apache.batik.dom.ExtensibleDOMImplementation.createCSSEngine;127;;
Class.forName;org.apache.batik.ext.awt.image.codec.png.PNGTranscoderInternalCodecWriteAdapter;org.apache.batik.transcoder.image.PNGTranscoder.getWriteAdapter;66;;
Class.forName;org.dacapo.harness.Batik;org.dacapo.harness.TestHarness.findClass;274;;
Class.forName;sun.awt.X11.XToolkit;java.awt.Toolkit$2.run;860;;
Class.forName;sun.awt.X11GraphicsEnvironment;java.awt.GraphicsEnvironment.createGE;103;;
Class.forName;sun.java2d.jules.JulesRenderingEngine;java.util.ServiceLoader$LazyIterator.nextService;370;;
Class.forName;sun.java2d.marlin.MarlinRenderingEngine;java.util.ServiceLoader$LazyIterator.nextService;370;;
Class.forName;sun.java2d.pisces.PiscesRenderingEngine;java.util.ServiceLoader$LazyIterator.nextService;370;;
Class.forName;sun.net.www.protocol.jar.Handler;java.net.URL.getURLStreamHandler;1223;;
Class.forName;sun.nio.fs.LinuxFileSystemProvider;sun.nio.fs.DefaultFileSystemProvider.createProvider;43;;
Class.forName;sun.security.provider.MD5;java.security.Provider$Service.getImplClass;1634;;
Class.forName;sun.security.provider.SHA;java.security.Provider$Service.getImplClass;1634;;
Class.forName;sun.util.logging.PlatformLogger$DefaultLoggerProxy;sun.util.logging.PlatformLogger.<clinit>;173;;
Class.forName;sun.util.logging.PlatformLogger$JavaLoggerProxy;sun.util.logging.PlatformLogger.<clinit>;176;;
Class.newInstance;com.sun.nio.zipfs.ZipFileSystemProvider;java.util.ServiceLoader$LazyIterator.nextService;380;;
Class.newInstance;com.sun.org.apache.xerces.internal.jaxp.SAXParserFactoryImpl;javax.xml.parsers.FactoryFinder.newInstance;192;;
Class.newInstance;com.sun.org.apache.xerces.internal.jaxp.datatype.DatatypeFactoryImpl;javax.xml.datatype.FactoryFinder.newInstance;192;;
Class.newInstance;java.net.Inet6AddressImpl;java.net.InetAddress.loadImpl;1474;;
Class.newInstance;sun.awt.X11.XToolkit;java.awt.Toolkit$2.run;873;;
Class.newInstance;sun.awt.X11GraphicsEnvironment;java.awt.GraphicsEnvironment.createGE;110;;
Class.newInstance;sun.awt.resources.awt;java.util.ResourceBundle$Control.newBundle;2662;;
Class.newInstance;sun.java2d.jules.JulesRenderingEngine;java.util.ServiceLoader$LazyIterator.nextService;380;;
Class.newInstance;sun.java2d.marlin.MarlinRenderingEngine;java.util.ServiceLoader$LazyIterator.nextService;380;;
Class.newInstance;sun.java2d.pisces.PiscesRenderingEngine;java.util.ServiceLoader$LazyIterator.nextService;380;;
Class.newInstance;sun.net.www.protocol.jar.Handler;java.net.URL.getURLStreamHandler;1232;;
Class.newInstance;sun.nio.fs.LinuxFileSystemProvider;sun.nio.fs.DefaultFileSystemProvider.createProvider;48;;
Class.newInstance;sun.reflect.GeneratedConstructorAccessor$HASHED$570db84cca35a1d5a50e3c7250eca368333359fd;sun.reflect.MethodAccessorGenerator$1.run;403;;
Class.newInstance;sun.security.provider.Sun;sun.security.jca.ProviderConfig$2.run;221;;
Class.newInstance;sun.util.logging.resources.logging;java.util.ResourceBundle$Control.newBundle;2662;;
Constructor.newInstance;<com.sun.nio.zipfs.ZipFileSystemProvider: void <init>()>;java.lang.Class.newInstance;;isAccessible=true;
Constructor.newInstance;<com.sun.org.apache.xerces.internal.jaxp.SAXParserFactoryImpl: void <init>()>;java.lang.Class.newInstance;;isAccessible=true;
Constructor.newInstance;<com.sun.org.apache.xerces.internal.jaxp.datatype.DatatypeFactoryImpl: void <init>()>;java.lang.Class.newInstance;;isAccessible=true;
Constructor.newInstance;<java.awt.GraphicsEnvironment$$Lambda$12.861842890: void <init>()>;java.lang.invoke.InnerClassLambdaMetafactory.buildCallSite;215;isAccessible=true;
Constructor.newInstance;<java.net.Inet6AddressImpl: void <init>()>;java.lang.Class.newInstance;;isAccessible=true;
Constructor.newInstance;<java.nio.file.Files$$Lambda$2.787604730: void <init>()>;java.lang.invoke.InnerClassLambdaMetafactory.buildCallSite;215;isAccessible=true;
Constructor.newInstance;<java.util.stream.Collectors$$Lambda$6.1775282465: void <init>()>;java.lang.invoke.InnerClassLambdaMetafactory.buildCallSite;215;isAccessible=true;
Constructor.newInstance;<java.util.stream.Collectors$$Lambda$7.1267032364: void <init>()>;java.lang.invoke.InnerClassLambdaMetafactory.buildCallSite;215;isAccessible=true;
Constructor.newInstance;<java.util.stream.Collectors$$Lambda$8.128893786: void <init>()>;java.lang.invoke.InnerClassLambdaMetafactory.buildCallSite;215;isAccessible=true;
Constructor.newInstance;<java.util.stream.Collectors$$Lambda$9.1732398722: void <init>()>;java.lang.invoke.InnerClassLambdaMetafactory.buildCallSite;215;isAccessible=true;
Constructor.newInstance;<org.apache.batik.apps.rasterizer.Main: void <init>(java.lang.String[])>;org.dacapo.harness.Batik.iterate;40;isAccessible=false;
Constructor.newInstance;<org.apache.batik.bridge.RhinoInterpreterFactory: void <init>()>;org.apache.batik.util.Service.providers;123;isAccessible=false;
Constructor.newInstance;<org.apache.batik.css.parser.Parser: void <init>()>;org.apache.batik.dom.ExtensibleDOMImplementation.createCSSEngine;127;isAccessible=false;
Constructor.newInstance;<org.apache.batik.ext.awt.image.codec.png.PNGTranscoderInternalCodecWriteAdapter: void <init>()>;org.apache.batik.transcoder.image.PNGTranscoder.getWriteAdapter;67;isAccessible=false;
Constructor.newInstance;<org.apache.batik.extension.svg.BatikBridgeExtension: void <init>()>;org.apache.batik.util.Service.providers;123;isAccessible=false;
Constructor.newInstance;<org.apache.batik.extension.svg.BatikDomExtension: void <init>()>;org.apache.batik.util.Service.providers;123;isAccessible=false;
Constructor.newInstance;<org.dacapo.harness.Batik: void <init>(org.dacapo.parser.Config,java.io.File,java.io.File)>;org.dacapo.harness.TestHarness.runBenchmark;218;isAccessible=false;
Constructor.newInstance;<org.dacapo.harness.Benchmark$$Lambda$11.1299641336: void <init>()>;java.lang.invoke.InnerClassLambdaMetafactory.buildCallSite;215;isAccessible=true;
Constructor.newInstance;<org.dacapo.harness.CommandLineArgs$$Lambda$3.670700378: void <init>()>;java.lang.invoke.InnerClassLambdaMetafactory.buildCallSite;215;isAccessible=true;
Constructor.newInstance;<org.dacapo.harness.CommandLineArgs$$Lambda$4.728890494: void <init>()>;java.lang.invoke.InnerClassLambdaMetafactory.buildCallSite;215;isAccessible=true;
Constructor.newInstance;<org.dacapo.harness.CommandLineArgs$$Lambda$5.1558600329: void <init>()>;java.lang.invoke.InnerClassLambdaMetafactory.buildCallSite;215;isAccessible=true;
Constructor.newInstance;<sun.awt.X11.XToolkit: void <init>()>;java.lang.Class.newInstance;;isAccessible=true;
Constructor.newInstance;<sun.awt.X11GraphicsEnvironment: void <init>()>;java.lang.Class.newInstance;;isAccessible=true;
Constructor.newInstance;<sun.awt.resources.awt: void <init>()>;java.lang.Class.newInstance;;isAccessible=true;
Constructor.newInstance;<sun.java2d.Disposer$$Lambda$13.690521419: void <init>()>;java.lang.invoke.InnerClassLambdaMetafactory.buildCallSite;215;isAccessible=true;
Constructor.newInstance;<sun.java2d.jules.JulesRenderingEngine: void <init>()>;java.lang.Class.newInstance;;isAccessible=true;
Constructor.newInstance;<sun.java2d.marlin.MarlinRenderingEngine: void <init>()>;java.lang.Class.newInstance;;isAccessible=true;
Constructor.newInstance;<sun.java2d.pisces.PiscesRenderingEngine: void <init>()>;java.lang.Class.newInstance;;isAccessible=true;
Constructor.newInstance;<sun.net.www.protocol.jar.Handler: void <init>()>;java.lang.Class.newInstance;;isAccessible=true;
Constructor.newInstance;<sun.nio.fs.LinuxFileSystemProvider: void <init>()>;java.lang.Class.newInstance;;isAccessible=true;
Constructor.newInstance;<sun.reflect.GeneratedConstructorAccessor$HASHED$570db84cca35a1d5a50e3c7250eca368333359fd: void <init>()>;java.lang.Class.newInstance;;isAccessible=true;
Constructor.newInstance;<sun.security.provider.MD5: void <init>()>;java.security.Provider$Service.newInstance;1595;isAccessible=false;
Constructor.newInstance;<sun.security.provider.SHA: void <init>()>;java.security.Provider$Service.newInstance;1595;isAccessible=false;
Constructor.newInstance;<sun.security.provider.Sun: void <init>()>;java.lang.Class.newInstance;;isAccessible=true;
Constructor.newInstance;<sun.util.logging.resources.logging: void <init>()>;java.lang.Class.newInstance;;isAccessible=true;
Method.invoke;<java.util.stream.Collector$Characteristics: java.util.stream.Collector$Characteristics[] values()>;java.lang.Class.getEnumConstantsShared;;isAccessible=true;
Method.invoke;<java.util.stream.StreamOpFlag$Type: java.util.stream.StreamOpFlag$Type[] values()>;java.lang.Class.getEnumConstantsShared;;isAccessible=true;
Method.invoke;<org.apache.batik.apps.rasterizer.Main: void execute()>;org.dacapo.harness.Batik.iterate;41;isAccessible=false;
Method.invoke;<org.dacapo.harness.TestHarness: void main(java.lang.String[])>;Harness.main;39;isAccessible=false;
Method.invoke;<sun.font.EAttribute: sun.font.EAttribute[] values()>;java.lang.Class.getEnumConstantsShared;;isAccessible=true;
