Class.forName;java.security.MessageDigestSpi;java.security.Security.getSpiClass;675;;
Class.forName;org.dacapo.h2.TPCC;org.dacapo.harness.H2.prepare;46;;
Class.forName;org.dacapo.harness.H2;org.dacapo.harness.TestHarness.findClass;248;;
Class.forName;org.h2.Driver;java.sql.DriverManager.isDriverAllowed;556;;
Class.forName;org.h2.Driver;java.util.ServiceLoader$LazyIterator.nextService;370;;
Class.forName;org.h2.Driver;org.dacapo.h2.TPCC.prepare;;;
Class.forName;org.h2.engine.SessionFactoryEmbedded;org.h2.util.ClassUtils.loadSystemClass;57;;
Class.forName;sun.net.www.protocol.jar.Handler;java.net.URL.getURLStreamHandler;1223;;
Class.forName;sun.security.provider.SHA;java.security.Provider$Service.getImplClass;1634;;
Class.forName;sun.security.provider.SecureRandom;java.security.Provider$Service.getImplClass;1634;;
Class.forName;sun.util.calendar.JulianCalendar;sun.util.calendar.CalendarSystem.forName;167;;
Class.newInstance;org.h2.Driver;java.util.ServiceLoader$LazyIterator.nextService;380;;
Class.newInstance;org.h2.engine.SessionFactoryEmbedded;org.h2.engine.SessionRemote.connectEmbeddedOrServer;241;;
Class.newInstance;sun.net.www.protocol.jar.Handler;java.net.URL.getURLStreamHandler;1232;;
Class.newInstance;sun.security.provider.Sun;sun.security.jca.ProviderConfig$2.run;221;;
Class.newInstance;sun.text.resources.FormatData;java.util.ResourceBundle$Control.newBundle;2662;;
Class.newInstance;sun.text.resources.en.FormatData_en;java.util.ResourceBundle$Control.newBundle;2662;;
Class.newInstance;sun.text.resources.en.FormatData_en_AU;java.util.ResourceBundle$Control.newBundle;2662;;
Class.newInstance;sun.util.calendar.JulianCalendar;sun.util.calendar.CalendarSystem.forName;168;;
Class.newInstance;sun.util.resources.CalendarData;java.util.ResourceBundle$Control.newBundle;2662;;
Class.newInstance;sun.util.resources.CurrencyNames;java.util.ResourceBundle$Control.newBundle;2662;;
Class.newInstance;sun.util.resources.en.CalendarData_en;java.util.ResourceBundle$Control.newBundle;2662;;
Class.newInstance;sun.util.resources.en.CurrencyNames_en_AU;java.util.ResourceBundle$Control.newBundle;2662;;
Constructor.newInstance;<org.dacapo.harness.H2: void <init>(org.dacapo.parser.Config,java.io.File)>;org.dacapo.harness.TestHarness.runBenchmark;192;isAccessible=false;
Constructor.newInstance;<org.h2.Driver: void <init>()>;java.lang.Class.newInstance;;isAccessible=true;
Constructor.newInstance;<org.h2.engine.SessionFactoryEmbedded: void <init>()>;java.lang.Class.newInstance;;isAccessible=true;
Constructor.newInstance;<sun.net.www.protocol.jar.Handler: void <init>()>;java.lang.Class.newInstance;;isAccessible=true;
Constructor.newInstance;<sun.security.provider.SHA: void <init>()>;java.security.Provider$Service.newInstance;1595;isAccessible=false;
Constructor.newInstance;<sun.security.provider.SecureRandom: void <init>()>;java.security.Provider$Service.newInstance;1595;isAccessible=false;
Constructor.newInstance;<sun.security.provider.Sun: void <init>()>;java.lang.Class.newInstance;;isAccessible=true;
Constructor.newInstance;<sun.text.resources.FormatData: void <init>()>;java.lang.Class.newInstance;;isAccessible=true;
Constructor.newInstance;<sun.text.resources.en.FormatData_en: void <init>()>;java.lang.Class.newInstance;;isAccessible=true;
Constructor.newInstance;<sun.text.resources.en.FormatData_en_AU: void <init>()>;java.lang.Class.newInstance;;isAccessible=true;
Constructor.newInstance;<sun.util.calendar.JulianCalendar: void <init>()>;java.lang.Class.newInstance;;isAccessible=true;
Constructor.newInstance;<sun.util.resources.CalendarData: void <init>()>;java.lang.Class.newInstance;;isAccessible=true;
Constructor.newInstance;<sun.util.resources.CurrencyNames: void <init>()>;java.lang.Class.newInstance;;isAccessible=true;
Constructor.newInstance;<sun.util.resources.en.CalendarData_en: void <init>()>;java.lang.Class.newInstance;;isAccessible=true;
Constructor.newInstance;<sun.util.resources.en.CurrencyNames_en_AU: void <init>()>;java.lang.Class.newInstance;;isAccessible=true;
Method.invoke;<org.dacapo.h2.TPCC: org.dacapo.h2.TPCC make(java.util.TreeMap,java.util.TreeMap,java.io.File,java.lang.Boolean,java.lang.Boolean)>;org.dacapo.harness.H2.prepare;64;isAccessible=false;
Method.invoke;<org.dacapo.h2.TPCC: void iteration(java.lang.String)>;org.dacapo.harness.H2.iterate;98;isAccessible=false;
Method.invoke;<org.dacapo.h2.TPCC: void postIteration(java.lang.String)>;org.dacapo.harness.H2.postIteration;108;isAccessible=false;
Method.invoke;<org.dacapo.h2.TPCC: void preIteration(java.lang.String)>;org.dacapo.harness.H2.preIteration;88;isAccessible=false;
Method.invoke;<org.dacapo.h2.TPCC: void prepare(java.lang.String)>;org.dacapo.harness.H2.prepare;78;isAccessible=false;
Method.invoke;<org.dacapo.harness.TestHarness: void main(java.lang.String[])>;Harness.main;;isAccessible=false;
