.
├── avrora
│   ├── actions
│   │   ├── Action.class
│   │   ├── AnalyzeStackAction.class
│   │   ├── CFGAction.class
│   │   ├── DisassembleAction.class
│   │   ├── ELFDumpAction.class
│   │   ├── ISEAAction.class
│   │   ├── SimAction$AsynchronousExit.class
│   │   ├── SimAction$BreakPointException.class
│   │   ├── SimAction$ShutdownThread.class
│   │   ├── SimAction$TimeoutException.class
│   │   ├── SimAction.class
│   │   └── TestAction.class
│   ├── arch
│   │   ├── AbstractArchitecture.class
│   │   ├── AbstractDisassembler.class
│   │   ├── AbstractInstr.class
│   │   ├── ArchitectureRegistry.class
│   │   ├── avr
│   │   │   ├── AVRArchitecture.class
│   │   │   └── AVRProperties.class
│   │   ├── legacy
│   │   │   ├── LegacyArchitecture.class
│   │   │   ├── LegacyDisassembler$InvalidInstruction.class
│   │   │   ├── LegacyDisassembler.class
│   │   │   ├── LegacyInstr$ADC.class
│   │   │   ├── LegacyInstr$ADD.class
│   │   │   ├── LegacyInstr$ADIW.class
│   │   │   ├── LegacyInstr$AND.class
│   │   │   ├── LegacyInstr$ANDI.class
│   │   │   ├── LegacyInstr$ASR.class
│   │   │   ├── LegacyInstr$BLD.class
│   │   │   ├── LegacyInstr$BRCC.class
│   │   │   ├── LegacyInstr$BRCS.class
│   │   │   ├── LegacyInstr$BREAK.class
│   │   │   ├── LegacyInstr$BREQ.class
│   │   │   ├── LegacyInstr$BRGE.class
│   │   │   ├── LegacyInstr$BRHC.class
│   │   │   ├── LegacyInstr$BRHS.class
│   │   │   ├── LegacyInstr$BRID.class
│   │   │   ├── LegacyInstr$BRIE.class
│   │   │   ├── LegacyInstr$BRLT.class
│   │   │   ├── LegacyInstr$BRMI.class
│   │   │   ├── LegacyInstr$BRNE.class
│   │   │   ├── LegacyInstr$BRPL.class
│   │   │   ├── LegacyInstr$BRTC.class
│   │   │   ├── LegacyInstr$BRTS.class
│   │   │   ├── LegacyInstr$BRVC.class
│   │   │   ├── LegacyInstr$BRVS.class
│   │   │   ├── LegacyInstr$BST.class
│   │   │   ├── LegacyInstr$CALL.class
│   │   │   ├── LegacyInstr$CBI.class
│   │   │   ├── LegacyInstr$CLC.class
│   │   │   ├── LegacyInstr$CLH.class
│   │   │   ├── LegacyInstr$CLI.class
│   │   │   ├── LegacyInstr$CLN.class
│   │   │   ├── LegacyInstr$CLS.class
│   │   │   ├── LegacyInstr$CLT.class
│   │   │   ├── LegacyInstr$CLV.class
│   │   │   ├── LegacyInstr$CLZ.class
│   │   │   ├── LegacyInstr$COM.class
│   │   │   ├── LegacyInstr$CPC.class
│   │   │   ├── LegacyInstr$CP.class
│   │   │   ├── LegacyInstr$CPI.class
│   │   │   ├── LegacyInstr$CPSE.class
│   │   │   ├── LegacyInstr$DEC.class
│   │   │   ├── LegacyInstr$EICALL.class
│   │   │   ├── LegacyInstr$EIJMP.class
│   │   │   ├── LegacyInstr$ELPM.class
│   │   │   ├── LegacyInstr$ELPMD.class
│   │   │   ├── LegacyInstr$ELPMPI.class
│   │   │   ├── LegacyInstr$EOR.class
│   │   │   ├── LegacyInstr$FMUL.class
│   │   │   ├── LegacyInstr$FMULS.class
│   │   │   ├── LegacyInstr$FMULSU.class
│   │   │   ├── LegacyInstr$ICALL.class
│   │   │   ├── LegacyInstr$IJMP.class
│   │   │   ├── LegacyInstr$ImmediateRequired.class
│   │   │   ├── LegacyInstr$IMMIMM_class.class
│   │   │   ├── LegacyInstr$IMMREG_class.class
│   │   │   ├── LegacyInstr$INC.class
│   │   │   ├── LegacyInstr$IN.class
│   │   │   ├── LegacyInstr$InvalidImmediate.class
│   │   │   ├── LegacyInstr$InvalidOperand.class
│   │   │   ├── LegacyInstr$InvalidRegister.class
│   │   │   ├── LegacyInstr$JMP.class
│   │   │   ├── LegacyInstr$LD.class
│   │   │   ├── LegacyInstr$LDD.class
│   │   │   ├── LegacyInstr$LDI.class
│   │   │   ├── LegacyInstr$LDPD.class
│   │   │   ├── LegacyInstr$LDPI.class
│   │   │   ├── LegacyInstr$LDS.class
│   │   │   ├── LegacyInstr$LPM.class
│   │   │   ├── LegacyInstr$LPMD.class
│   │   │   ├── LegacyInstr$LPMPI.class
│   │   │   ├── LegacyInstr$LSR.class
│   │   │   ├── LegacyInstr$MOV.class
│   │   │   ├── LegacyInstr$MOVW.class
│   │   │   ├── LegacyInstr$MUL.class
│   │   │   ├── LegacyInstr$MULS.class
│   │   │   ├── LegacyInstr$MULSU.class
│   │   │   ├── LegacyInstr$NEG.class
│   │   │   ├── LegacyInstr$NONE_class.class
│   │   │   ├── LegacyInstr$NOP.class
│   │   │   ├── LegacyInstr$OR.class
│   │   │   ├── LegacyInstr$ORI.class
│   │   │   ├── LegacyInstr$OUT.class
│   │   │   ├── LegacyInstr$POP.class
│   │   │   ├── LegacyInstr$PUSH.class
│   │   │   ├── LegacyInstr$RCALL.class
│   │   │   ├── LegacyInstr$REG_class.class
│   │   │   ├── LegacyInstr$REGIMM_class.class
│   │   │   ├── LegacyInstr$REGIMMREG_class.class
│   │   │   ├── LegacyInstr$RegisterRequired.class
│   │   │   ├── LegacyInstr$REGREG_class.class
│   │   │   ├── LegacyInstr$REGREGIMM_class.class
│   │   │   ├── LegacyInstr$RET.class
│   │   │   ├── LegacyInstr$RETI.class
│   │   │   ├── LegacyInstr$RJMP.class
│   │   │   ├── LegacyInstr$ROR.class
│   │   │   ├── LegacyInstr$SBC.class
│   │   │   ├── LegacyInstr$SBCI.class
│   │   │   ├── LegacyInstr$SBIC.class
│   │   │   ├── LegacyInstr$SBI.class
│   │   │   ├── LegacyInstr$SBIS.class
│   │   │   ├── LegacyInstr$SBIW.class
│   │   │   ├── LegacyInstr$SBRC.class
│   │   │   ├── LegacyInstr$SBRS.class
│   │   │   ├── LegacyInstr$SEC.class
│   │   │   ├── LegacyInstr$SEH.class
│   │   │   ├── LegacyInstr$SEI.class
│   │   │   ├── LegacyInstr$SEN.class
│   │   │   ├── LegacyInstr$SES.class
│   │   │   ├── LegacyInstr$SET.class
│   │   │   ├── LegacyInstr$SEV.class
│   │   │   ├── LegacyInstr$SEZ.class
│   │   │   ├── LegacyInstr$SLEEP.class
│   │   │   ├── LegacyInstr$SPM.class
│   │   │   ├── LegacyInstr$ST.class
│   │   │   ├── LegacyInstr$STD.class
│   │   │   ├── LegacyInstr$STPD.class
│   │   │   ├── LegacyInstr$STPI.class
│   │   │   ├── LegacyInstr$STS.class
│   │   │   ├── LegacyInstr$SUB.class
│   │   │   ├── LegacyInstr$SUBI.class
│   │   │   ├── LegacyInstr$SWAP.class
│   │   │   ├── LegacyInstr$WDR.class
│   │   │   ├── LegacyInstr$WORD_class.class
│   │   │   ├── LegacyInstr$WrongNumberOfOperands.class
│   │   │   ├── LegacyInstr.class
│   │   │   ├── LegacyInstrProperties.class
│   │   │   ├── LegacyInstrProto.class
│   │   │   ├── LegacyInstrVisitor.class
│   │   │   ├── LegacyInterpreter$Factory.class
│   │   │   ├── LegacyInterpreter.class
│   │   │   ├── LegacyRegister$Set.class
│   │   │   ├── LegacyRegister.class
│   │   │   └── LegacyState.class
│   │   └── msp430
│   │       └── MSP430Architecture.class
│   ├── core
│   │   ├── LoadableProgram.class
│   │   ├── Program.class
│   │   ├── ProgramReader.class
│   │   ├── SourceMapping$1.class
│   │   ├── SourceMapping$Location.class
│   │   └── SourceMapping.class
│   ├── Defaults$AutoProgramReader.class
│   ├── Defaults.class
│   ├── Main.class
│   ├── monitors
│   │   ├── BreakMonitor.class
│   │   ├── CallMonitor.class
│   │   ├── CallTimeMonitor.class
│   │   ├── CallTreeProfiler.class
│   │   ├── EnergyMonitor.class
│   │   ├── EnergyProfiler.class
│   │   ├── GDBServer.class
│   │   ├── InteractiveMonitor.class
│   │   ├── InterruptMonitor.class
│   │   ├── IORegMonitor.class
│   │   ├── LEDMonitor$Mon.class
│   │   ├── LEDMonitor.class
│   │   ├── MemoryMonitor.class
│   │   ├── Monitor.class
│   │   ├── MonitorFactory.class
│   │   ├── PacketMonitor$Mon.class
│   │   ├── PacketMonitor.class
│   │   ├── PrintMonitor.class
│   │   ├── ProfileMonitor.class
│   │   ├── RealTimeMonitor.class
│   │   ├── RetAddrWatch.class
│   │   ├── SerialMonitor.class
│   │   ├── SimPerfMonitor.class
│   │   ├── SleepMonitor.class
│   │   ├── SnifferMonitor.class
│   │   ├── SPIMonitor.class
│   │   ├── StackMonitor.class
│   │   ├── TimerMonitor.class
│   │   ├── TraceMonitor.class
│   │   ├── TripTimeMonitor.class
│   │   └── VirgilMonitor.class
│   ├── sim
│   │   ├── ActiveRegister.class
│   │   ├── AtmelInterpreter$IORegBehavior.class
│   │   ├── AtmelInterpreter$SREGBehavior.class
│   │   ├── AtmelInterpreter$StateImpl.class
│   │   ├── AtmelInterpreter.class
│   │   ├── clock
│   │   │   ├── Clock.class
│   │   │   ├── ClockDomain.class
│   │   │   ├── DeltaQueue$EventList.class
│   │   │   ├── DeltaQueue$Link.class
│   │   │   ├── DeltaQueue.class
│   │   │   ├── DerivedClock.class
│   │   │   ├── MainClock.class
│   │   │   ├── RippleSynchronizer$NotifyEvent.class
│   │   │   ├── RippleSynchronizer$WaitLink.class
│   │   │   ├── RippleSynchronizer.class
│   │   │   └── Synchronizer.class
│   │   ├── CodeSegment$Factory.class
│   │   ├── CodeSegment$NoLegacyInstr.class
│   │   ├── CodeSegment$ProbedLegacyInstr.class
│   │   ├── CodeSegment.class
│   │   ├── energy
│   │   │   ├── Energy.class
│   │   │   └── EnergyControl.class
│   │   ├── FiniteStateMachine$Probe.class
│   │   ├── FiniteStateMachine$State.class
│   │   ├── FiniteStateMachine$TransitionEvent.class
│   │   ├── FiniteStateMachine.class
│   │   ├── Interpreter.class
│   │   ├── InterpreterError$NoSuchInstructionException.class
│   │   ├── InterpreterFactory.class
│   │   ├── InterruptTable$Notification.class
│   │   ├── InterruptTable.class
│   │   ├── mcu
│   │   │   ├── ADC$1.class
│   │   │   ├── ADC$2.class
│   │   │   ├── ADC$ADCInput.class
│   │   │   ├── ADC$ControlRegister$ConversionEvent.class
│   │   │   ├── ADC$ControlRegister.class
│   │   │   ├── ADC$MUXRegister.class
│   │   │   ├── ADC.class
│   │   │   ├── ATMega128.class
│   │   │   ├── ATMegaFamily$DirectionRegister.class
│   │   │   ├── ATMegaFamily$FlagRegister$Notification.class
│   │   │   ├── ATMegaFamily$FlagRegister.class
│   │   │   ├── ATMegaFamily$InterruptFlag.class
│   │   │   ├── ATMegaFamily$MaskRegister.class
│   │   │   ├── ATMegaFamily$PinRegister.class
│   │   │   ├── ATMegaFamily$PortRegister.class
│   │   │   ├── ATMegaFamily$Timer0$ASSRRegister.class
│   │   │   ├── ATMegaFamily$Timer0.class
│   │   │   ├── ATMegaFamily$Timer1.class
│   │   │   ├── ATMegaFamily$Timer2.class
│   │   │   ├── ATMegaFamily$Timer3.class
│   │   │   ├── ATMegaFamily.class
│   │   │   ├── AtmelInternalDevice.class
│   │   │   ├── AtmelMicrocontroller$InterruptType.class
│   │   │   ├── AtmelMicrocontroller$INTPin$InterruptTableNotification.class
│   │   │   ├── AtmelMicrocontroller$INTPin.class
│   │   │   ├── AtmelMicrocontroller.class
│   │   │   ├── DefaultMCU$Pin.class
│   │   │   ├── DefaultMCU.class
│   │   │   ├── EEPROM$EEARHReg.class
│   │   │   ├── EEPROM$EEARLReg.class
│   │   │   ├── EEPROM$EECRReg.class
│   │   │   ├── EEPROM$EEPROMTicker.class
│   │   │   ├── EEPROM$EEPROMWriteFinishedEvent.class
│   │   │   ├── EEPROM.class
│   │   │   ├── MCUProperties.class
│   │   │   ├── Microcontroller$Pin$Input.class
│   │   │   ├── Microcontroller$Pin$InputListener.class
│   │   │   ├── Microcontroller$Pin$ListenableBooleanViewInput.class
│   │   │   ├── Microcontroller$Pin$ListenableInput.class
│   │   │   ├── Microcontroller$Pin$Output.class
│   │   │   ├── Microcontroller$Pin.class
│   │   │   ├── Microcontroller.class
│   │   │   ├── RegisterLayout$Field.class
│   │   │   ├── RegisterLayout$RegisterInfo.class
│   │   │   ├── RegisterLayout$SubField.class
│   │   │   ├── RegisterLayout.class
│   │   │   ├── RegisterSet$Field.class
│   │   │   ├── RegisterSet$FieldWriter.class
│   │   │   ├── RegisterSet$MultiFieldRegister.class
│   │   │   ├── RegisterSet$SubFieldWriter.class
│   │   │   ├── RegisterSet$SubRegWriter.class
│   │   │   ├── RegisterSet$TotalFieldWriter.class
│   │   │   ├── RegisterSet$UnusedWriter.class
│   │   │   ├── RegisterSet.class
│   │   │   ├── ReprogrammableCodeSegment$Factory.class
│   │   │   ├── ReprogrammableCodeSegment$SPMCSR_reg$ResetEvent.class
│   │   │   ├── ReprogrammableCodeSegment$SPMCSR_reg.class
│   │   │   ├── ReprogrammableCodeSegment.class
│   │   │   ├── SPI$Frame.class
│   │   │   ├── SPI$SPCRReg.class
│   │   │   ├── SPI$SPDReg$TransmitRegister.class
│   │   │   ├── SPI$SPDReg.class
│   │   │   ├── SPI$SPSReg.class
│   │   │   ├── SPI$TransferEvent.class
│   │   │   ├── SPI.class
│   │   │   ├── SPIDevice.class
│   │   │   ├── Timer16Bit$1.class
│   │   │   ├── Timer16Bit$2.class
│   │   │   ├── Timer16Bit$BufferedRegister.class
│   │   │   ├── Timer16Bit$InputCapturePin.class
│   │   │   ├── Timer16Bit$Mode_CTC.class
│   │   │   ├── Timer16Bit$Mode_FastPWM.class
│   │   │   ├── Timer16Bit$Mode_Normal.class
│   │   │   ├── Timer16Bit$Mode_PWMPhaseCorrect.class
│   │   │   ├── Timer16Bit$Mode_PWM_PNF.class
│   │   │   ├── Timer16Bit$Mode_Reserved.class
│   │   │   ├── Timer16Bit$OCRnxPairedRegister.class
│   │   │   ├── Timer16Bit$OCRnxTempHighRegister.class
│   │   │   ├── Timer16Bit$OutputCompareUnit$FOC_Field.class
│   │   │   ├── Timer16Bit$OutputCompareUnit.class
│   │   │   ├── Timer16Bit$PairedRegister.class
│   │   │   ├── Timer16Bit$TCNTnRegister.class
│   │   │   ├── Timer16Bit.class
│   │   │   ├── Timer8Bit$BufferedRegister.class
│   │   │   ├── Timer8Bit$ControlRegister.class
│   │   │   ├── Timer8Bit$Mode_CTC.class
│   │   │   ├── Timer8Bit$Mode_FastPWM.class
│   │   │   ├── Timer8Bit$Mode_Normal.class
│   │   │   ├── Timer8Bit$Mode_PWM.class
│   │   │   ├── Timer8Bit$TCNTnRegister.class
│   │   │   ├── Timer8Bit.class
│   │   │   ├── USART$ControlRegisterA.class
│   │   │   ├── USART$ControlRegisterB.class
│   │   │   ├── USART$ControlRegisterC.class
│   │   │   ├── USART$DataRegister$TwoLevelFIFO$USARTFrameWrapper.class
│   │   │   ├── USART$DataRegister$TwoLevelFIFO.class
│   │   │   ├── USART$DataRegister.class
│   │   │   ├── USART$Receiver$Receive.class
│   │   │   ├── USART$Receiver.class
│   │   │   ├── USART$SerialPrinter.class
│   │   │   ├── USART$Transmitter$Transmit.class
│   │   │   ├── USART$Transmitter.class
│   │   │   ├── USART$UBRRnHReg.class
│   │   │   ├── USART$UBRRnLReg.class
│   │   │   ├── USART$USARTDevice.class
│   │   │   ├── USART$USARTProperties.class
│   │   │   └── USART.class
│   │   ├── output
│   │   │   ├── EventBuffer.class
│   │   │   └── SimPrinter.class
│   │   ├── platform
│   │   │   ├── ExternalFlash$Delay.class
│   │   │   ├── ExternalFlash$Memory.class
│   │   │   ├── ExternalFlash$PA3Output.class
│   │   │   ├── ExternalFlash$Page.class
│   │   │   ├── ExternalFlash$PD2Input.class
│   │   │   ├── ExternalFlash$PD3Output.class
│   │   │   ├── ExternalFlash$PD5Output.class
│   │   │   ├── ExternalFlash.class
│   │   │   ├── LED$LEDGroup.class
│   │   │   ├── LED$LEDProbe.class
│   │   │   ├── LED.class
│   │   │   ├── Mica2$Factory.class
│   │   │   ├── Mica2.class
│   │   │   ├── MicaZ$Factory.class
│   │   │   ├── Platform.class
│   │   │   ├── PlatformFactory.class
│   │   │   ├── sensors
│   │   │   │   ├── AccelSensor$ADCInput.class
│   │   │   │   ├── AccelSensor.class
│   │   │   │   ├── AccelSensorPower$OnPin.class
│   │   │   │   ├── AccelSensorPower.class
│   │   │   │   ├── LightSensor$ADCInput.class
│   │   │   │   ├── LightSensor$OnPin.class
│   │   │   │   ├── LightSensor.class
│   │   │   │   ├── SensorBoard.class
│   │   │   │   └── Sensor.class
│   │   │   ├── Seres$Factory.class
│   │   │   ├── Superbot$Factory.class
│   │   │   └── Telos$Factory.class
│   │   ├── radio
│   │   │   ├── CC1000Radio$CALRegister$Calibrate.class
│   │   │   ├── CC1000Radio$CALRegister.class
│   │   │   ├── CC1000Radio$CurrentRegister.class
│   │   │   ├── CC1000Radio$DummyRegister.class
│   │   │   ├── CC1000Radio$FrequencyRegister$FrequencySubRegister.class
│   │   │   ├── CC1000Radio$FrequencyRegister.class
│   │   │   ├── CC1000Radio$FrequencySeparationRegister$SubRegister.class
│   │   │   ├── CC1000Radio$FrequencySeparationRegister.class
│   │   │   ├── CC1000Radio$FrontEndRegister.class
│   │   │   ├── CC1000Radio$FSCTRLRegister.class
│   │   │   ├── CC1000Radio$LockRegister.class
│   │   │   ├── CC1000Radio$MainRegister.class
│   │   │   ├── CC1000Radio$MatchRegister.class
│   │   │   ├── CC1000Radio$Modem0Register.class
│   │   │   ├── CC1000Radio$Modem1Register.class
│   │   │   ├── CC1000Radio$Modem2Register.class
│   │   │   ├── CC1000Radio$PA_POWRegister.class
│   │   │   ├── CC1000Radio$PLLRegister.class
│   │   │   ├── CC1000Radio$PrescalerRegister.class
│   │   │   ├── CC1000Radio$RadioRegister.class
│   │   │   ├── CC1000Radio$Receiver.class
│   │   │   ├── CC1000Radio$RSSIOutput.class
│   │   │   ├── CC1000Radio$SerialConfigurationInterface$PALEOutput.class
│   │   │   ├── CC1000Radio$SerialConfigurationInterface$PCLKOutput.class
│   │   │   ├── CC1000Radio$SerialConfigurationInterface$PDATAInput.class
│   │   │   ├── CC1000Radio$SerialConfigurationInterface$PDATAOutput.class
│   │   │   ├── CC1000Radio$SerialConfigurationInterface.class
│   │   │   ├── CC1000Radio$SPITicker.class
│   │   │   ├── CC1000Radio$Transmitter.class
│   │   │   ├── CC1000Radio.class
│   │   │   ├── CC2420Radio.class
│   │   │   ├── Medium$Arbitrator.class
│   │   │   ├── Medium$BasicArbitrator.class
│   │   │   ├── Medium$Probe$List.class
│   │   │   ├── Medium$Probe.class
│   │   │   ├── Medium$Receiver$Ticker.class
│   │   │   ├── Medium$Receiver.class
│   │   │   ├── Medium$Transmission.class
│   │   │   ├── Medium$Transmitter$Ticker.class
│   │   │   ├── Medium$Transmitter.class
│   │   │   ├── Medium$TXRX.class
│   │   │   ├── Medium.class
│   │   │   ├── noise.class
│   │   │   ├── Radio.class
│   │   │   └── RadioEnergy.class
│   │   ├── RWRegister.class
│   │   ├── Segment$AddressOutOfBoundsException.class
│   │   ├── Segment.class
│   │   ├── Simulation$Iter.class
│   │   ├── Simulation$Node.class
│   │   ├── Simulation.class
│   │   ├── Simulator$Event.class
│   │   ├── Simulator$InterruptProbe.class
│   │   ├── Simulator$Probe.class
│   │   ├── Simulator$Watch.class
│   │   ├── Simulator.class
│   │   ├── SimulatorThread.class
│   │   ├── state
│   │   │   ├── AbstractRegisterView.class
│   │   │   ├── BooleanRegister.class
│   │   │   ├── BooleanView$ValueSetListener.class
│   │   │   ├── BooleanView.class
│   │   │   ├── Register$Watch.class
│   │   │   ├── Register.class
│   │   │   ├── RegisterUtil$BitRangeView.class
│   │   │   ├── RegisterUtil$BoolView.class
│   │   │   ├── RegisterUtil$PermutedView.class
│   │   │   ├── RegisterUtil.class
│   │   │   ├── RegisterView$RegisterValueSetListener.class
│   │   │   ├── RegisterView.class
│   │   │   └── VolatileBehavior.class
│   │   ├── State.class
│   │   ├── types
│   │   │   ├── SensorSimulation$SensorNode.class
│   │   │   ├── SensorSimulation.class
│   │   │   ├── SingleSimulation.class
│   │   │   └── WiredSimulation.class
│   │   └── util
│   │       ├── ClockCycleTimeout.class
│   │       ├── MulticastFSMProbe.class
│   │       ├── MulticastInterruptProbe.class
│   │       ├── MulticastProbe.class
│   │       ├── SimUtil.class
│   │       ├── TransactionalList$Link.class
│   │       └── TransactionalList.class
│   ├── syntax
│   │   ├── atmel
│   │   │   └── AtmelProgramReader.class
│   │   ├── elf
│   │   │   └── ELFParser.class
│   │   ├── objdump
│   │   │   ├── ObjDump2ProgramReader.class
│   │   │   ├── ObjDumpProgramReader.class
│   │   │   └── ODPPAction.class
│   │   └── raw
│   │       └── RAWReader.class
│   └── Version.class
├── cck
│   ├── elf
│   │   ├── ELFDataInputStream.class
│   │   ├── ELFHeader$FormatError.class
│   │   ├── ELFHeader.class
│   │   ├── ELFIdentifier.class
│   │   ├── ELFLoader.class
│   │   ├── ELFProgramHeaderTable$Entry32.class
│   │   ├── ELFProgramHeaderTable.class
│   │   ├── ELFSectionHeaderTable$Entry32.class
│   │   ├── ELFSectionHeaderTable.class
│   │   ├── ELFStringTable.class
│   │   ├── ELFSymbolTable$Entry.class
│   │   └── ELFSymbolTable.class
│   ├── help
│   │   ├── ClassMapValueItem.class
│   │   ├── HelpCategory$1.class
│   │   ├── HelpCategory$ListSection.class
│   │   ├── HelpCategory$OptionsSection.class
│   │   ├── HelpCategory$ParagraphSection.class
│   │   ├── HelpCategory$Section.class
│   │   ├── HelpCategory.class
│   │   ├── HelpItem.class
│   │   └── HelpSystem.class
│   ├── text
│   │   ├── CharUtil.class
│   │   ├── Printer.class
│   │   ├── Status$Item.class
│   │   ├── Status.class
│   │   ├── StringUtil.class
│   │   ├── Terminal.class
│   │   ├── TermUtil.class
│   │   ├── Verbose$Printer.class
│   │   └── Verbose.class
│   └── util
│       ├── Arithmetic.class
│       ├── ClassMap.class
│       ├── Option$1.class
│       ├── Option$Bool.class
│       ├── Option$Double.class
│       ├── Option$Interval.class
│       ├── Option$List.class
│       ├── Option$Long.class
│       ├── Option$Str.class
│       ├── Option.class
│       ├── Options.class
│       ├── Util$Error.class
│       ├── Util$InternalError.class
│       ├── Util$Unexpected.class
│       └── VersionTag.class
├── com
│   └── sun
│       ├── nio
│       │   └── zipfs
│       │       ├── ZipCoder.class
│       │       ├── ZipConstants.class
│       │       ├── ZipDirectoryStream$1.class
│       │       ├── ZipDirectoryStream.class
│       │       ├── ZipFileAttributes.class
│       │       ├── ZipFileStore.class
│       │       ├── ZipFileSystem$4.class
│       │       ├── ZipFileSystem$5.class
│       │       ├── ZipFileSystem$END.class
│       │       ├── ZipFileSystem$Entry.class
│       │       ├── ZipFileSystem$EntryInputStream.class
│       │       ├── ZipFileSystem$EntryOutputStream.class
│       │       ├── ZipFileSystem$FileRolloverOutputStream.class
│       │       ├── ZipFileSystem$IndexNode.class
│       │       ├── ZipFileSystem.class
│       │       ├── ZipFileSystemProvider.class
│       │       ├── ZipPath.class
│       │       └── ZipUtils.class
│       └── org
│           └── apache
│               └── xerces
│                   └── internal
│                       └── jaxp
│                           └── datatype
│                               └── DatatypeFactoryImpl.class
├── Harness.class
├── java
│   ├── io
│   │   ├── BufferedInputStream.class
│   │   ├── BufferedOutputStream.class
│   │   ├── BufferedReader$1.class
│   │   ├── BufferedReader.class
│   │   ├── BufferedWriter.class
│   │   ├── ByteArrayInputStream.class
│   │   ├── ByteArrayOutputStream.class
│   │   ├── Closeable.class
│   │   ├── DataInput.class
│   │   ├── DataInputStream.class
│   │   ├── DataOutput.class
│   │   ├── DefaultFileSystem.class
│   │   ├── ExpiringCache$1.class
│   │   ├── ExpiringCache$Entry.class
│   │   ├── ExpiringCache.class
│   │   ├── File$PathStatus.class
│   │   ├── File.class
│   │   ├── FileDescriptor$1.class
│   │   ├── FileDescriptor.class
│   │   ├── FileInputStream$1.class
│   │   ├── FileInputStream.class
│   │   ├── FileNotFoundException.class
│   │   ├── FileOutputStream$1.class
│   │   ├── FileOutputStream.class
│   │   ├── FilePermission$1.class
│   │   ├── FilePermission.class
│   │   ├── FilePermissionCollection.class
│   │   ├── FileReader.class
│   │   ├── FileSystem.class
│   │   ├── FileWriter.class
│   │   ├── FilterInputStream.class
│   │   ├── FilterOutputStream.class
│   │   ├── Flushable.class
│   │   ├── InputStream.class
│   │   ├── InputStreamReader.class
│   │   ├── IOException.class
│   │   ├── ObjectStreamField.class
│   │   ├── OutputStream.class
│   │   ├── OutputStreamWriter.class
│   │   ├── PrintStream.class
│   │   ├── PrintWriter.class
│   │   ├── RandomAccessFile.class
│   │   ├── Reader.class
│   │   ├── Serializable.class
│   │   ├── UnixFileSystem.class
│   │   ├── UnsupportedEncodingException.class
│   │   └── Writer.class
│   ├── lang
│   │   ├── AbstractStringBuilder.class
│   │   ├── annotation
│   │   │   └── Annotation.class
│   │   ├── Appendable.class
│   │   ├── ApplicationShutdownHooks$1.class
│   │   ├── ApplicationShutdownHooks.class
│   │   ├── ArithmeticException.class
│   │   ├── ArrayIndexOutOfBoundsException.class
│   │   ├── ArrayStoreException.class
│   │   ├── AssertionError.class
│   │   ├── AutoCloseable.class
│   │   ├── Boolean.class
│   │   ├── BootstrapMethodError.class
│   │   ├── Byte$ByteCache.class
│   │   ├── Byte.class
│   │   ├── Character$CharacterCache.class
│   │   ├── Character.class
│   │   ├── CharacterData00.class
│   │   ├── CharacterData.class
│   │   ├── CharacterDataLatin1.class
│   │   ├── CharSequence.class
│   │   ├── Class$1.class
│   │   ├── Class$3.class
│   │   ├── Class$4.class
│   │   ├── Class$AnnotationData.class
│   │   ├── Class$Atomic.class
│   │   ├── Class$MethodArray.class
│   │   ├── Class$ReflectionData.class
│   │   ├── ClassCastException.class
│   │   ├── Class.class
│   │   ├── ClassLoader$2.class
│   │   ├── ClassLoader$3.class
│   │   ├── ClassLoader$NativeLibrary.class
│   │   ├── ClassLoader$ParallelLoaders.class
│   │   ├── ClassLoader.class
│   │   ├── ClassNotFoundException.class
│   │   ├── ClassValue$ClassValueMap.class
│   │   ├── ClassValue$Entry.class
│   │   ├── ClassValue$Identity.class
│   │   ├── ClassValue$Version.class
│   │   ├── ClassValue.class
│   │   ├── Cloneable.class
│   │   ├── CloneNotSupportedException.class
│   │   ├── Comparable.class
│   │   ├── Compiler$1.class
│   │   ├── Compiler.class
│   │   ├── Double.class
│   │   ├── Enum.class
│   │   ├── Error.class
│   │   ├── Exception.class
│   │   ├── Float.class
│   │   ├── IllegalAccessException.class
│   │   ├── IllegalArgumentException.class
│   │   ├── IllegalMonitorStateException.class
│   │   ├── IncompatibleClassChangeError.class
│   │   ├── IndexOutOfBoundsException.class
│   │   ├── InheritableThreadLocal.class
│   │   ├── InstantiationException.class
│   │   ├── instrument
│   │   │   ├── ClassFileTransformer.class
│   │   │   ├── Instrumentation.class
│   │   │   └── UnmodifiableClassException.class
│   │   ├── Integer$IntegerCache.class
│   │   ├── Integer.class
│   │   ├── InternalError.class
│   │   ├── InterruptedException.class
│   │   ├── invoke
│   │   │   ├── AbstractValidatingLambdaMetafactory.class
│   │   │   ├── BoundMethodHandle$Factory$1.class
│   │   │   ├── BoundMethodHandle$Factory.class
│   │   │   ├── BoundMethodHandle$SpeciesData$1.class
│   │   │   ├── BoundMethodHandle$SpeciesData.class
│   │   │   ├── BoundMethodHandle$Species_L3.class
│   │   │   ├── BoundMethodHandle$Species_L4.class
│   │   │   ├── BoundMethodHandle$Species_L.class
│   │   │   ├── BoundMethodHandle$Species_LL.class
│   │   │   ├── BoundMethodHandle.class
│   │   │   ├── CallSite.class
│   │   │   ├── ConstantCallSite.class
│   │   │   ├── DelegatingMethodHandle.class
│   │   │   ├── DirectMethodHandle$Accessor.class
│   │   │   ├── DirectMethodHandle$Constructor.class
│   │   │   ├── DirectMethodHandle$Interface.class
│   │   │   ├── DirectMethodHandle$Lazy.class
│   │   │   ├── DirectMethodHandle$Special.class
│   │   │   ├── DirectMethodHandle$StaticAccessor.class
│   │   │   ├── DirectMethodHandle.class
│   │   │   ├── InfoFromMemberName.class
│   │   │   ├── InnerClassLambdaMetafactory$1.class
│   │   │   ├── InnerClassLambdaMetafactory$ForwardingMethodGenerator.class
│   │   │   ├── InnerClassLambdaMetafactory.class
│   │   │   ├── InvokerBytecodeGenerator$2.class
│   │   │   ├── InvokerBytecodeGenerator$CpPatch.class
│   │   │   ├── InvokerBytecodeGenerator.class
│   │   │   ├── Invokers.class
│   │   │   ├── LambdaForm$BasicType.class
│   │   │   ├── LambdaForm$BMH.class
│   │   │   ├── LambdaForm$DMH.class
│   │   │   ├── LambdaForm$MH.class
│   │   │   ├── LambdaForm$Name.class
│   │   │   ├── LambdaForm$NamedFunction.class
│   │   │   ├── LambdaFormBuffer.class
│   │   │   ├── LambdaForm.class
│   │   │   ├── LambdaFormEditor$Transform$Kind.class
│   │   │   ├── LambdaFormEditor$Transform.class
│   │   │   ├── LambdaFormEditor.class
│   │   │   ├── LambdaMetafactory.class
│   │   │   ├── MemberName$Factory.class
│   │   │   ├── MemberName.class
│   │   │   ├── MethodHandle.class
│   │   │   ├── MethodHandleImpl$1.class
│   │   │   ├── MethodHandleImpl$2.class
│   │   │   ├── MethodHandleImpl$3.class
│   │   │   ├── MethodHandleImpl$4.class
│   │   │   ├── MethodHandleImpl$AsVarargsCollector.class
│   │   │   ├── MethodHandleImpl$Intrinsic.class
│   │   │   ├── MethodHandleImpl$IntrinsicMethodHandle.class
│   │   │   ├── MethodHandleImpl$Lazy.class
│   │   │   ├── MethodHandleImpl.class
│   │   │   ├── MethodHandleInfo.class
│   │   │   ├── MethodHandleNatives.class
│   │   │   ├── MethodHandles$Lookup.class
│   │   │   ├── MethodHandles.class
│   │   │   ├── MethodHandleStatics$1.class
│   │   │   ├── MethodHandleStatics.class
│   │   │   ├── MethodType$ConcurrentWeakInternSet$WeakEntry.class
│   │   │   ├── MethodType$ConcurrentWeakInternSet.class
│   │   │   ├── MethodType.class
│   │   │   ├── MethodTypeForm.class
│   │   │   ├── MutableCallSite.class
│   │   │   ├── SimpleMethodHandle.class
│   │   │   ├── TypeConvertingMethodAdapter.class
│   │   │   ├── VolatileCallSite.class
│   │   │   └── WrongMethodTypeException.class
│   │   ├── Iterable.class
│   │   ├── LinkageError.class
│   │   ├── Long$LongCache.class
│   │   ├── Long.class
│   │   ├── Math.class
│   │   ├── NoClassDefFoundError.class
│   │   ├── NoSuchFieldError.class
│   │   ├── NoSuchFieldException.class
│   │   ├── NoSuchMethodError.class
│   │   ├── NoSuchMethodException.class
│   │   ├── NullPointerException.class
│   │   ├── Number.class
│   │   ├── NumberFormatException.class
│   │   ├── Object.class
│   │   ├── OutOfMemoryError.class
│   │   ├── Package.class
│   │   ├── ProcessEnvironment$ExternalData.class
│   │   ├── ProcessEnvironment$StringEnvironment.class
│   │   ├── ProcessEnvironment$Value.class
│   │   ├── ProcessEnvironment$Variable.class
│   │   ├── ProcessEnvironment.class
│   │   ├── Readable.class
│   │   ├── ref
│   │   │   ├── Finalizer$FinalizerThread.class
│   │   │   ├── Finalizer.class
│   │   │   ├── FinalReference.class
│   │   │   ├── PhantomReference.class
│   │   │   ├── Reference$1.class
│   │   │   ├── Reference$Lock.class
│   │   │   ├── Reference$ReferenceHandler.class
│   │   │   ├── Reference.class
│   │   │   ├── ReferenceQueue$Lock.class
│   │   │   ├── ReferenceQueue$Null.class
│   │   │   ├── ReferenceQueue.class
│   │   │   ├── SoftReference.class
│   │   │   └── WeakReference.class
│   │   ├── reflect
│   │   │   ├── AccessibleObject.class
│   │   │   ├── AnnotatedElement.class
│   │   │   ├── Array.class
│   │   │   ├── Constructor.class
│   │   │   ├── Executable.class
│   │   │   ├── Field.class
│   │   │   ├── GenericDeclaration.class
│   │   │   ├── InvocationTargetException.class
│   │   │   ├── Member.class
│   │   │   ├── Method.class
│   │   │   ├── Modifier.class
│   │   │   ├── Parameter.class
│   │   │   ├── ReflectAccess.class
│   │   │   ├── ReflectPermission.class
│   │   │   └── Type.class
│   │   ├── ReflectiveOperationException.class
│   │   ├── Runnable.class
│   │   ├── Runtime.class
│   │   ├── RuntimeException.class
│   │   ├── RuntimePermission.class
│   │   ├── SecurityManager.class
│   │   ├── Short$ShortCache.class
│   │   ├── Short.class
│   │   ├── Shutdown$Lock.class
│   │   ├── Shutdown.class
│   │   ├── StackOverflowError.class
│   │   ├── StackTraceElement.class
│   │   ├── String$CaseInsensitiveComparator.class
│   │   ├── StringBuffer.class
│   │   ├── StringBuilder.class
│   │   ├── String.class
│   │   ├── StringCoding$StringDecoder.class
│   │   ├── StringCoding$StringEncoder.class
│   │   ├── StringCoding.class
│   │   ├── System$2.class
│   │   ├── System.class
│   │   ├── SystemClassLoaderAction.class
│   │   ├── Terminator$1.class
│   │   ├── Terminator.class
│   │   ├── Thread$UncaughtExceptionHandler.class
│   │   ├── Thread.class
│   │   ├── ThreadDeath.class
│   │   ├── ThreadGroup.class
│   │   ├── ThreadLocal$ThreadLocalMap$Entry.class
│   │   ├── ThreadLocal$ThreadLocalMap.class
│   │   ├── ThreadLocal.class
│   │   ├── Throwable.class
│   │   ├── UnsupportedOperationException.class
│   │   ├── VirtualMachineError.class
│   │   └── Void.class
│   ├── net
│   │   ├── FactoryURLClassLoader.class
│   │   ├── Inet4Address.class
│   │   ├── Inet6Address$Inet6AddressHolder.class
│   │   ├── Inet6Address.class
│   │   ├── Inet6AddressImpl.class
│   │   ├── InetAddress$1.class
│   │   ├── InetAddress$2.class
│   │   ├── InetAddress$CachedLocalHost.class
│   │   ├── InetAddress$InetAddressHolder.class
│   │   ├── InetAddress.class
│   │   ├── InetAddressImpl.class
│   │   ├── InetAddressImplFactory.class
│   │   ├── JarURLConnection.class
│   │   ├── MalformedURLException.class
│   │   ├── NetPermission.class
│   │   ├── Parts.class
│   │   ├── Socket.class
│   │   ├── SocketPermission.class
│   │   ├── URI$Parser.class
│   │   ├── URI.class
│   │   ├── URISyntaxException.class
│   │   ├── URL.class
│   │   ├── URLClassLoader$1.class
│   │   ├── URLClassLoader$2.class
│   │   ├── URLClassLoader$3$1.class
│   │   ├── URLClassLoader$3.class
│   │   ├── URLClassLoader$5.class
│   │   ├── URLClassLoader$7.class
│   │   ├── URLClassLoader.class
│   │   ├── URLConnection.class
│   │   ├── URLStreamHandler.class
│   │   └── URLStreamHandlerFactory.class
│   ├── nio
│   │   ├── Bits$1.class
│   │   ├── Bits.class
│   │   ├── Buffer.class
│   │   ├── ByteBuffer.class
│   │   ├── ByteOrder.class
│   │   ├── channels
│   │   │   ├── ByteChannel.class
│   │   │   ├── Channel.class
│   │   │   ├── Channels.class
│   │   │   ├── FileChannel.class
│   │   │   ├── GatheringByteChannel.class
│   │   │   ├── InterruptibleChannel.class
│   │   │   ├── ReadableByteChannel.class
│   │   │   ├── ScatteringByteChannel.class
│   │   │   ├── SeekableByteChannel.class
│   │   │   ├── SelectableChannel.class
│   │   │   ├── spi
│   │   │   │   ├── AbstractInterruptibleChannel$1.class
│   │   │   │   └── AbstractInterruptibleChannel.class
│   │   │   └── WritableByteChannel.class
│   │   ├── CharBuffer.class
│   │   ├── charset
│   │   │   ├── Charset.class
│   │   │   ├── CharsetDecoder.class
│   │   │   ├── CharsetEncoder.class
│   │   │   ├── CoderResult$1.class
│   │   │   ├── CoderResult$2.class
│   │   │   ├── CoderResult$Cache.class
│   │   │   ├── CoderResult.class
│   │   │   ├── CodingErrorAction.class
│   │   │   ├── spi
│   │   │   │   └── CharsetProvider.class
│   │   │   └── StandardCharsets.class
│   │   ├── DirectByteBuffer$Deallocator.class
│   │   ├── DirectByteBuffer.class
│   │   ├── DirectLongBufferU.class
│   │   ├── file
│   │   │   ├── AccessDeniedException.class
│   │   │   ├── AccessMode.class
│   │   │   ├── attribute
│   │   │   │   ├── AttributeView.class
│   │   │   │   ├── BasicFileAttributes.class
│   │   │   │   ├── BasicFileAttributeView.class
│   │   │   │   ├── DosFileAttributes.class
│   │   │   │   ├── DosFileAttributeView.class
│   │   │   │   ├── FileAttribute.class
│   │   │   │   ├── FileAttributeView.class
│   │   │   │   ├── PosixFileAttributes.class
│   │   │   │   └── UserDefinedFileAttributeView.class
│   │   │   ├── ClosedDirectoryStreamException.class
│   │   │   ├── ClosedFileSystemException.class
│   │   │   ├── CopyOption.class
│   │   │   ├── DirectoryNotEmptyException.class
│   │   │   ├── DirectoryStream$Filter.class
│   │   │   ├── DirectoryStream.class
│   │   │   ├── FileAlreadyExistsException.class
│   │   │   ├── Files$$Lambda$1.class
│   │   │   ├── Files$$Lambda$2.class
│   │   │   ├── Files$AcceptAllFilter.class
│   │   │   ├── Files.class
│   │   │   ├── FileStore.class
│   │   │   ├── FileSystemAlreadyExistsException.class
│   │   │   ├── FileSystem.class
│   │   │   ├── FileSystemException.class
│   │   │   ├── FileSystemNotFoundException.class
│   │   │   ├── FileSystems$DefaultFileSystemHolder$1.class
│   │   │   ├── FileSystems$DefaultFileSystemHolder.class
│   │   │   ├── FileSystems.class
│   │   │   ├── FileTreeIterator.class
│   │   │   ├── FileTreeWalker$DirectoryNode.class
│   │   │   ├── FileTreeWalker$Event.class
│   │   │   ├── FileTreeWalker$EventType.class
│   │   │   ├── FileTreeWalker.class
│   │   │   ├── FileVisitOption.class
│   │   │   ├── InvalidPathException.class
│   │   │   ├── LinkOption.class
│   │   │   ├── NoSuchFileException.class
│   │   │   ├── NotDirectoryException.class
│   │   │   ├── OpenOption.class
│   │   │   ├── Path.class
│   │   │   ├── PathMatcher.class
│   │   │   ├── Paths.class
│   │   │   ├── ProviderMismatchException.class
│   │   │   ├── ReadOnlyFileSystemException.class
│   │   │   ├── spi
│   │   │   │   ├── FileSystemProvider$1.class
│   │   │   │   └── FileSystemProvider.class
│   │   │   ├── StandardOpenOption.class
│   │   │   └── Watchable.class
│   │   ├── HeapByteBuffer.class
│   │   ├── HeapCharBuffer.class
│   │   ├── LongBuffer.class
│   │   └── MappedByteBuffer.class
│   ├── security
│   │   ├── AccessControlContext.class
│   │   ├── AccessController$1.class
│   │   ├── AccessController.class
│   │   ├── AllPermission.class
│   │   ├── AllPermissionCollection.class
│   │   ├── BasicPermission.class
│   │   ├── BasicPermissionCollection.class
│   │   ├── cert
│   │   │   └── Certificate.class
│   │   ├── CodeSigner.class
│   │   ├── CodeSource.class
│   │   ├── GeneralSecurityException.class
│   │   ├── Guard.class
│   │   ├── MessageDigest$Delegate.class
│   │   ├── MessageDigest.class
│   │   ├── MessageDigestSpi.class
│   │   ├── NoSuchAlgorithmException.class
│   │   ├── Permission.class
│   │   ├── PermissionCollection.class
│   │   ├── Permissions.class
│   │   ├── Principal.class
│   │   ├── PrivilegedAction.class
│   │   ├── PrivilegedActionException.class
│   │   ├── PrivilegedExceptionAction.class
│   │   ├── ProtectionDomain$2.class
│   │   ├── ProtectionDomain$JavaSecurityAccessImpl.class
│   │   ├── ProtectionDomain$Key.class
│   │   ├── ProtectionDomain.class
│   │   ├── Provider$EngineDescription.class
│   │   ├── Provider$Service.class
│   │   ├── Provider$ServiceKey.class
│   │   ├── Provider$UString.class
│   │   ├── Provider.class
│   │   ├── SecureClassLoader.class
│   │   ├── SecureRandomSpi.class
│   │   ├── Security$1.class
│   │   ├── Security.class
│   │   ├── SecurityPermission.class
│   │   └── UnresolvedPermission.class
│   ├── text
│   │   ├── CharacterIterator.class
│   │   └── StringCharacterIterator.class
│   └── util
│       ├── AbstractCollection.class
│       ├── AbstractList$Itr.class
│       ├── AbstractList$ListItr.class
│       ├── AbstractList.class
│       ├── AbstractMap.class
│       ├── AbstractSet.class
│       ├── ArrayDeque.class
│       ├── ArrayList.class
│       ├── Arrays.class
│       ├── BitSet.class
│       ├── Collection.class
│       ├── Collections$3.class
│       ├── Collections$EmptyList.class
│       ├── Collections$EmptyMap.class
│       ├── Collections$EmptySet.class
│       ├── Collections$SetFromMap.class
│       ├── Collections$SynchronizedCollection.class
│       ├── Collections$SynchronizedSet.class
│       ├── Collections$UnmodifiableCollection$1.class
│       ├── Collections$UnmodifiableCollection.class
│       ├── Collections$UnmodifiableList.class
│       ├── Collections$UnmodifiableMap.class
│       ├── Collections$UnmodifiableRandomAccessList.class
│       ├── Collections$UnmodifiableSet.class
│       ├── Collections.class
│       ├── Comparator.class
│       ├── concurrent
│       │   ├── atomic
│       │   │   ├── AtomicInteger.class
│       │   │   ├── AtomicLong.class
│       │   │   ├── AtomicReferenceFieldUpdater$AtomicReferenceFieldUpdaterImpl$1.class
│       │   │   ├── AtomicReferenceFieldUpdater$AtomicReferenceFieldUpdaterImpl.class
│       │   │   └── AtomicReferenceFieldUpdater.class
│       │   ├── ConcurrentHashMap$CollectionView.class
│       │   ├── ConcurrentHashMap$CounterCell.class
│       │   ├── ConcurrentHashMap$EntrySetView.class
│       │   ├── ConcurrentHashMap$ForwardingNode.class
│       │   ├── ConcurrentHashMap$KeySetView.class
│       │   ├── ConcurrentHashMap$Node.class
│       │   ├── ConcurrentHashMap$ReservationNode.class
│       │   ├── ConcurrentHashMap$Segment.class
│       │   ├── ConcurrentHashMap$ValuesView.class
│       │   ├── ConcurrentHashMap.class
│       │   ├── ConcurrentMap.class
│       │   ├── ConcurrentNavigableMap.class
│       │   ├── ConcurrentSkipListMap$EntrySet.class
│       │   ├── ConcurrentSkipListMap$HeadIndex.class
│       │   ├── ConcurrentSkipListMap$Index.class
│       │   ├── ConcurrentSkipListMap$KeySet.class
│       │   ├── ConcurrentSkipListMap$Node.class
│       │   ├── ConcurrentSkipListMap$Values.class
│       │   ├── ConcurrentSkipListMap.class
│       │   ├── ConcurrentSkipListSet.class
│       │   └── locks
│       │       ├── AbstractOwnableSynchronizer.class
│       │       ├── AbstractQueuedSynchronizer$Node.class
│       │       ├── AbstractQueuedSynchronizer.class
│       │       ├── Lock.class
│       │       ├── ReadWriteLock.class
│       │       ├── ReentrantLock.class
│       │       ├── ReentrantReadWriteLock$NonfairSync.class
│       │       ├── ReentrantReadWriteLock$ReadLock.class
│       │       ├── ReentrantReadWriteLock$Sync$ThreadLocalHoldCounter.class
│       │       ├── ReentrantReadWriteLock$Sync.class
│       │       ├── ReentrantReadWriteLock$WriteLock.class
│       │       └── ReentrantReadWriteLock.class
│       ├── Date.class
│       ├── Deque.class
│       ├── Dictionary.class
│       ├── Enumeration.class
│       ├── EnumMap$1.class
│       ├── EnumMap.class
│       ├── EnumSet.class
│       ├── function
│       │   ├── BiConsumer.class
│       │   ├── BiFunction.class
│       │   ├── BinaryOperator.class
│       │   ├── Consumer.class
│       │   ├── Function.class
│       │   ├── Predicate.class
│       │   └── Supplier.class
│       ├── HashMap$EntryIterator.class
│       ├── HashMap$EntrySet.class
│       ├── HashMap$HashIterator.class
│       ├── HashMap$KeyIterator.class
│       ├── HashMap$KeySet.class
│       ├── HashMap$Node.class
│       ├── HashMap$TreeNode.class
│       ├── HashMap$ValueIterator.class
│       ├── HashMap$Values.class
│       ├── HashMap.class
│       ├── HashSet.class
│       ├── Hashtable$Entry.class
│       ├── Hashtable$EntrySet.class
│       ├── Hashtable$Enumerator.class
│       ├── Hashtable.class
│       ├── IdentityHashMap$IdentityHashMapIterator.class
│       ├── IdentityHashMap$KeyIterator.class
│       ├── IdentityHashMap$KeySet.class
│       ├── IdentityHashMap.class
│       ├── Iterator.class
│       ├── jar
│       │   ├── Attributes$Name.class
│       │   ├── Attributes.class
│       │   ├── JarEntry.class
│       │   ├── JarFile$JarFileEntry.class
│       │   ├── JarFile.class
│       │   ├── JarVerifier$3.class
│       │   ├── JarVerifier.class
│       │   ├── JavaUtilJarAccessImpl.class
│       │   ├── Manifest$FastInputStream.class
│       │   └── Manifest.class
│       ├── LinkedHashMap$Entry.class
│       ├── LinkedHashMap$LinkedEntryIterator.class
│       ├── LinkedHashMap$LinkedEntrySet.class
│       ├── LinkedHashMap$LinkedHashIterator.class
│       ├── LinkedHashMap$LinkedKeyIterator.class
│       ├── LinkedHashMap$LinkedKeySet.class
│       ├── LinkedHashMap$LinkedValueIterator.class
│       ├── LinkedHashMap$LinkedValues.class
│       ├── LinkedHashMap.class
│       ├── List.class
│       ├── Locale$1.class
│       ├── Locale$Cache.class
│       ├── Locale$Category.class
│       ├── Locale$LocaleKey.class
│       ├── Locale.class
│       ├── Map$Entry.class
│       ├── Map.class
│       ├── NavigableMap.class
│       ├── NavigableSet.class
│       ├── NoSuchElementException.class
│       ├── Objects.class
│       ├── Properties$LineReader.class
│       ├── Properties.class
│       ├── PropertyPermission.class
│       ├── Queue.class
│       ├── RandomAccess.class
│       ├── RandomAccessSubList.class
│       ├── regex
│       │   ├── Pattern$7.class
│       │   ├── Pattern$BnM.class
│       │   ├── Pattern$CharProperty$1.class
│       │   ├── Pattern$Dot.class
│       │   ├── Pattern$SliceS.class
│       │   └── PatternSyntaxException.class
│       ├── RegularEnumSet.class
│       ├── ServiceLoader$1.class
│       ├── ServiceLoader$LazyIterator.class
│       ├── ServiceLoader.class
│       ├── Set.class
│       ├── SortedMap.class
│       ├── SortedSet.class
│       ├── Spliterator$OfDouble.class
│       ├── Spliterator$OfInt.class
│       ├── Spliterator$OfLong.class
│       ├── Spliterator$OfPrimitive.class
│       ├── Spliterator.class
│       ├── Spliterators$EmptySpliterator$OfDouble.class
│       ├── Spliterators$EmptySpliterator$OfInt.class
│       ├── Spliterators$EmptySpliterator$OfLong.class
│       ├── Spliterators$EmptySpliterator$OfRef.class
│       ├── Spliterators$EmptySpliterator.class
│       ├── Spliterators$IteratorSpliterator.class
│       ├── Spliterators.class
│       ├── Stack.class
│       ├── stream
│       │   ├── AbstractPipeline.class
│       │   ├── BaseStream.class
│       │   ├── Collector$Characteristics.class
│       │   ├── Collector.class
│       │   ├── Collectors$$Lambda$6.class
│       │   ├── Collectors$$Lambda$7.class
│       │   ├── Collectors$$Lambda$8.class
│       │   ├── Collectors$$Lambda$9.class
│       │   ├── Collectors$CollectorImpl.class
│       │   ├── Collectors.class
│       │   ├── PipelineHelper.class
│       │   ├── ReduceOps$1.class
│       │   ├── ReduceOps$1ReducingSink.class
│       │   ├── ReduceOps$3.class
│       │   ├── ReduceOps$3ReducingSink.class
│       │   ├── ReduceOps$AccumulatingSink.class
│       │   ├── ReduceOps$Box.class
│       │   ├── ReduceOps$ReduceOp.class
│       │   ├── ReduceOps.class
│       │   ├── ReferencePipeline$2$1.class
│       │   ├── ReferencePipeline$2.class
│       │   ├── ReferencePipeline$3$1.class
│       │   ├── ReferencePipeline$3.class
│       │   ├── ReferencePipeline$Head.class
│       │   ├── ReferencePipeline$StatelessOp.class
│       │   ├── ReferencePipeline.class
│       │   ├── Sink$ChainedReference.class
│       │   ├── Sink.class
│       │   ├── Stream.class
│       │   ├── StreamOpFlag$MaskBuilder.class
│       │   ├── StreamOpFlag$Type.class
│       │   ├── StreamOpFlag.class
│       │   ├── StreamShape.class
│       │   ├── StreamSupport.class
│       │   ├── TerminalOp.class
│       │   └── TerminalSink.class
│       ├── StringTokenizer.class
│       ├── SubList$1.class
│       ├── SubList.class
│       ├── TimeZone$1.class
│       ├── TimeZone.class
│       ├── TimSort.class
│       ├── TreeMap$Entry.class
│       ├── TreeMap$KeyIterator.class
│       ├── TreeMap$KeySet.class
│       ├── TreeMap$PrivateEntryIterator.class
│       ├── TreeMap.class
│       ├── Vector.class
│       ├── WeakHashMap$Entry.class
│       ├── WeakHashMap$KeySet.class
│       ├── WeakHashMap.class
│       └── zip
│           ├── Checksum.class
│           ├── CRC32.class
│           ├── DeflaterOutputStream.class
│           ├── Inflater.class
│           ├── InflaterInputStream.class
│           ├── ZipCoder.class
│           ├── ZipConstants.class
│           ├── ZipEntry.class
│           ├── ZipError.class
│           ├── ZipException.class
│           ├── ZipFile$1.class
│           ├── ZipFile$ZipFileInflaterInputStream.class
│           ├── ZipFile$ZipFileInputStream.class
│           ├── ZipFile.class
│           ├── ZipInputStream.class
│           └── ZStreamRef.class
├── javax
│   └── xml
│       ├── bind
│       │   ├── DatatypeConverter.class
│       │   ├── DatatypeConverterImpl.class
│       │   ├── DatatypeConverterInterface.class
│       │   └── JAXBPermission.class
│       └── datatype
│           ├── DatatypeFactory.class
│           ├── FactoryFinder$1.class
│           ├── FactoryFinder.class
│           ├── SecuritySupport$1.class
│           ├── SecuritySupport$2.class
│           ├── SecuritySupport$4.class
│           └── SecuritySupport.class
├── jdk
│   ├── internal
│   │   ├── misc
│   │   │   ├── TerminatingThreadLocal$1.class
│   │   │   └── TerminatingThreadLocal.class
│   │   ├── org
│   │   │   └── objectweb
│   │   │       └── asm
│   │   │           ├── AnnotationVisitor.class
│   │   │           ├── AnnotationWriter.class
│   │   │           ├── ByteVector.class
│   │   │           ├── ClassVisitor.class
│   │   │           ├── ClassWriter.class
│   │   │           ├── FieldVisitor.class
│   │   │           ├── FieldWriter.class
│   │   │           ├── Frame.class
│   │   │           ├── Item.class
│   │   │           ├── Label.class
│   │   │           ├── MethodVisitor.class
│   │   │           ├── MethodWriter.class
│   │   │           └── Type.class
│   │   └── util
│   │       └── StaticProperty.class
│   └── jfr
│       └── internal
│           └── EventWriter.class
├── org
│   ├── apache
│   │   └── commons
│   │       └── cli
│   │           ├── AmbiguousOptionException.class
│   │           ├── CommandLine.class
│   │           ├── CommandLineParser.class
│   │           ├── MissingArgumentException.class
│   │           ├── MissingOptionException.class
│   │           ├── Option.class
│   │           ├── Options.class
│   │           ├── OptionValidator.class
│   │           ├── ParseException.class
│   │           ├── Parser.class
│   │           ├── PosixParser.class
│   │           ├── UnrecognizedOptionException.class
│   │           └── Util.class
│   ├── dacapo
│   │   ├── harness
│   │   │   ├── Avrora.class
│   │   │   ├── Benchmark$$Lambda$10.class
│   │   │   ├── Benchmark$$Lambda$11.class
│   │   │   ├── Benchmark.class
│   │   │   ├── Callback$1.class
│   │   │   ├── Callback$Mode.class
│   │   │   ├── Callback.class
│   │   │   ├── CommandLineArgs$$Lambda$3.class
│   │   │   ├── CommandLineArgs$$Lambda$4.class
│   │   │   ├── CommandLineArgs$$Lambda$5.class
│   │   │   ├── CommandLineArgs$Methodology.class
│   │   │   ├── CommandLineArgs.class
│   │   │   ├── DacapoClassLoader.class
│   │   │   ├── DacapoException.class
│   │   │   ├── Data.class
│   │   │   ├── Digest.class
│   │   │   ├── FileDigest.class
│   │   │   ├── LatencyReporter.class
│   │   │   ├── TeeOutputStream.class
│   │   │   ├── TeePrintStream.class
│   │   │   └── TestHarness.class
│   │   └── parser
│   │       ├── Config$1.class
│   │       ├── Config$OutputFile.class
│   │       ├── Config$Size.class
│   │       ├── Config$ThreadModel.class
│   │       ├── Config.class
│   │       ├── ConfigFile.class
│   │       ├── ConfigFileConstants.class
│   │       ├── ConfigFileTokenManager.class
│   │       ├── ParseException.class
│   │       ├── SimpleCharStream.class
│   │       ├── Token.class
│   │       └── TokenMgrError.class
│   └── HdrHistogram
│       ├── AbstractHistogramBase.class
│       ├── AbstractHistogram.class
│       ├── EncodableHistogram.class
│       ├── Histogram.class
│       └── ValueRecorder.class
├── refl.log
└── sun
    ├── instrument
    │   ├── InstrumentationImpl$1.class
    │   ├── InstrumentationImpl.class
    │   ├── TransformerManager$TransformerInfo.class
    │   └── TransformerManager.class
    ├── invoke
    │   ├── empty
    │   │   └── Empty.class
    │   └── util
    │       ├── BytecodeDescriptor.class
    │       ├── ValueConversions.class
    │       ├── VerifyAccess.class
    │       ├── VerifyType.class
    │       ├── Wrapper$Format.class
    │       └── Wrapper.class
    ├── launcher
    │   ├── LauncherHelper$FXHelper.class
    │   └── LauncherHelper.class
    ├── misc
    │   ├── ASCIICaseInsensitiveComparator.class
    │   ├── Cleaner.class
    │   ├── CompoundEnumeration.class
    │   ├── ExtensionDependency.class
    │   ├── FDBigInteger.class
    │   ├── FileURLMapper.class
    │   ├── FloatingDecimal$1.class
    │   ├── FloatingDecimal$ASCIIToBinaryBuffer.class
    │   ├── FloatingDecimal$ASCIIToBinaryConverter.class
    │   ├── FloatingDecimal$BinaryToASCIIBuffer.class
    │   ├── FloatingDecimal$BinaryToASCIIConverter.class
    │   ├── FloatingDecimal$ExceptionalBinaryToASCIIBuffer.class
    │   ├── FloatingDecimal$PreparedASCIIToBinaryBuffer.class
    │   ├── FloatingDecimal.class
    │   ├── IOUtils.class
    │   ├── JarIndex.class
    │   ├── JavaIOFileDescriptorAccess.class
    │   ├── JavaLangAccess.class
    │   ├── JavaLangRefAccess.class
    │   ├── JavaNetAccess.class
    │   ├── JavaNioAccess.class
    │   ├── JavaSecurityAccess.class
    │   ├── JavaSecurityProtectionDomainAccess.class
    │   ├── JavaUtilJarAccess.class
    │   ├── JavaUtilZipFileAccess.class
    │   ├── Launcher$AppClassLoader$1.class
    │   ├── Launcher$AppClassLoader.class
    │   ├── Launcher$BootClassPathHolder$1.class
    │   ├── Launcher$BootClassPathHolder.class
    │   ├── Launcher$ExtClassLoader$1.class
    │   ├── Launcher$ExtClassLoader.class
    │   ├── Launcher$Factory.class
    │   ├── Launcher.class
    │   ├── MetaIndex.class
    │   ├── NativeSignalHandler.class
    │   ├── OSEnvironment.class
    │   ├── Perf$GetPerfAction.class
    │   ├── Perf.class
    │   ├── PerfCounter$CoreCounters.class
    │   ├── PerfCounter.class
    │   ├── Resource.class
    │   ├── SharedSecrets.class
    │   ├── Signal.class
    │   ├── SignalHandler.class
    │   ├── Unsafe.class
    │   ├── URLClassPath$1.class
    │   ├── URLClassPath$2.class
    │   ├── URLClassPath$3.class
    │   ├── URLClassPath$JarLoader$1.class
    │   ├── URLClassPath$JarLoader$2.class
    │   ├── URLClassPath$JarLoader.class
    │   ├── URLClassPath$Loader.class
    │   ├── URLClassPath.class
    │   ├── Version.class
    │   └── VM.class
    ├── net
    │   ├── spi
    │   │   └── nameservice
    │   │       └── NameService.class
    │   ├── util
    │   │   ├── IPAddressUtil.class
    │   │   └── URLUtil.class
    │   └── www
    │       ├── MessageHeader.class
    │       ├── ParseUtil.class
    │       ├── protocol
    │       │   ├── file
    │       │   │   ├── FileURLConnection.class
    │       │   │   └── Handler.class
    │       │   └── jar
    │       │       ├── Handler.class
    │       │       ├── JarFileFactory.class
    │       │       ├── JarURLConnection$JarURLInputStream.class
    │       │       ├── JarURLConnection.class
    │       │       ├── URLJarFile$URLJarFileCloseController.class
    │       │       ├── URLJarFile$URLJarFileEntry.class
    │       │       └── URLJarFile.class
    │       └── URLConnection.class
    ├── nio
    │   ├── ByteBuffered.class
    │   ├── ch
    │   │   ├── ChannelInputStream.class
    │   │   ├── DirectBuffer.class
    │   │   ├── FileChannelImpl.class
    │   │   ├── FileDispatcher.class
    │   │   ├── FileDispatcherImpl.class
    │   │   ├── Interruptible.class
    │   │   ├── IOStatus.class
    │   │   ├── IOUtil$1.class
    │   │   ├── IOUtil.class
    │   │   ├── NativeDispatcher.class
    │   │   ├── NativeThread.class
    │   │   ├── NativeThreadSet.class
    │   │   ├── Util$1.class
    │   │   ├── Util$2.class
    │   │   ├── Util$BufferCache.class
    │   │   └── Util.class
    │   ├── cs
    │   │   ├── ArrayDecoder.class
    │   │   ├── ArrayEncoder.class
    │   │   ├── FastCharsetProvider.class
    │   │   ├── HistoricallyNamedCharset.class
    │   │   ├── ISO_8859_1.class
    │   │   ├── StandardCharsets$Aliases.class
    │   │   ├── StandardCharsets$Cache.class
    │   │   ├── StandardCharsets$Classes.class
    │   │   ├── StandardCharsets.class
    │   │   ├── StreamDecoder.class
    │   │   ├── StreamEncoder.class
    │   │   ├── Unicode.class
    │   │   ├── US_ASCII.class
    │   │   ├── UTF_16BE.class
    │   │   ├── UTF_16.class
    │   │   ├── UTF_16LE.class
    │   │   ├── UTF_8$Decoder.class
    │   │   ├── UTF_8$Encoder.class
    │   │   └── UTF_8.class
    │   └── fs
    │       ├── AbstractBasicFileAttributeView.class
    │       ├── AbstractFileSystemProvider.class
    │       ├── AbstractPath.class
    │       ├── BasicFileAttributesHolder.class
    │       ├── DefaultFileSystemProvider.class
    │       ├── DynamicFileAttributeView.class
    │       ├── LinuxFileSystem.class
    │       ├── LinuxFileSystemProvider.class
    │       ├── NativeBuffer$Deallocator.class
    │       ├── NativeBuffer.class
    │       ├── NativeBuffers$1.class
    │       ├── NativeBuffers.class
    │       ├── UnixChannelFactory$1.class
    │       ├── UnixChannelFactory$Flags.class
    │       ├── UnixChannelFactory.class
    │       ├── UnixFileAttributes$UnixAsBasicFileAttributes.class
    │       ├── UnixFileAttributes.class
    │       ├── UnixFileAttributeViews$Basic.class
    │       ├── UnixFileAttributeViews.class
    │       ├── UnixFileModeAttribute.class
    │       ├── UnixFileStoreAttributes.class
    │       ├── UnixFileSystem.class
    │       ├── UnixFileSystemProvider$3.class
    │       ├── UnixFileSystemProvider.class
    │       ├── UnixMountEntry.class
    │       ├── UnixNativeDispatcher$1.class
    │       ├── UnixNativeDispatcher.class
    │       ├── UnixPath.class
    │       ├── UnixUriUtils.class
    │       └── Util.class
    ├── reflect
    │   ├── AccessorGenerator.class
    │   ├── annotation
    │   │   └── AnnotationType.class
    │   ├── BootstrapConstructorAccessorImpl.class
    │   ├── ByteVector.class
    │   ├── ByteVectorFactory.class
    │   ├── ByteVectorImpl.class
    │   ├── CallerSensitive.class
    │   ├── ClassDefiner$1.class
    │   ├── ClassDefiner.class
    │   ├── ClassFileAssembler.class
    │   ├── ClassFileConstants.class
    │   ├── ConstantPool.class
    │   ├── ConstructorAccessor.class
    │   ├── ConstructorAccessorImpl.class
    │   ├── DelegatingClassLoader.class
    │   ├── DelegatingConstructorAccessorImpl.class
    │   ├── DelegatingMethodAccessorImpl.class
    │   ├── FieldAccessor.class
    │   ├── FieldAccessorImpl.class
    │   ├── GeneratedConstructorAccessor$HASHED$570db84cca35a1d5a50e3c7250eca368333359fd.class
    │   ├── generics
    │   │   └── repository
    │   │       ├── AbstractRepository.class
    │   │       ├── ClassRepository.class
    │   │       └── GenericDeclRepository.class
    │   ├── Label$PatchInfo.class
    │   ├── Label.class
    │   ├── LangReflectAccess.class
    │   ├── MagicAccessorImpl.class
    │   ├── MethodAccessor.class
    │   ├── MethodAccessorGenerator$1.class
    │   ├── MethodAccessorGenerator.class
    │   ├── MethodAccessorImpl.class
    │   ├── misc
    │   │   └── ReflectUtil.class
    │   ├── NativeConstructorAccessorImpl.class
    │   ├── NativeMethodAccessorImpl.class
    │   ├── Reflection.class
    │   ├── ReflectionFactory$1.class
    │   ├── ReflectionFactory$GetReflectionFactoryAction.class
    │   ├── ReflectionFactory.class
    │   ├── UnsafeFieldAccessorFactory.class
    │   ├── UnsafeFieldAccessorImpl.class
    │   ├── UnsafeStaticFieldAccessorImpl.class
    │   ├── UnsafeStaticObjectFieldAccessorImpl.class
    │   └── UTF8.class
    ├── security
    │   ├── action
    │   │   ├── GetIntegerAction.class
    │   │   └── GetPropertyAction.class
    │   ├── jca
    │   │   ├── GetInstance$Instance.class
    │   │   ├── GetInstance.class
    │   │   ├── ProviderConfig$2.class
    │   │   ├── ProviderConfig.class
    │   │   ├── ProviderList$1.class
    │   │   ├── ProviderList$2.class
    │   │   ├── ProviderList$3.class
    │   │   ├── ProviderList.class
    │   │   └── Providers.class
    │   ├── provider
    │   │   ├── ByteArrayAccess.class
    │   │   ├── DigestBase.class
    │   │   ├── MD5.class
    │   │   ├── NativePRNG$1.class
    │   │   ├── NativePRNG$2.class
    │   │   ├── NativePRNG$Blocking.class
    │   │   ├── NativePRNG$NonBlocking.class
    │   │   ├── NativePRNG$RandomIO.class
    │   │   ├── NativePRNG$Variant.class
    │   │   ├── NativePRNG.class
    │   │   ├── SHA.class
    │   │   ├── Sun.class
    │   │   ├── SunEntries$1.class
    │   │   └── SunEntries.class
    │   └── util
    │       ├── Debug.class
    │       ├── MessageDigestSpi2.class
    │       ├── SecurityConstants.class
    │       └── SignatureFileVerifier.class
    └── util
        ├── calendar
        │   ├── AbstractCalendar.class
        │   ├── BaseCalendar$Date.class
        │   ├── BaseCalendar.class
        │   ├── CalendarDate.class
        │   ├── CalendarSystem.class
        │   ├── CalendarUtils.class
        │   ├── Gregorian$Date.class
        │   ├── Gregorian.class
        │   ├── ZoneInfo.class
        │   ├── ZoneInfoFile$1.class
        │   ├── ZoneInfoFile$Checksum.class
        │   ├── ZoneInfoFile$ZoneOffsetTransitionRule.class
        │   └── ZoneInfoFile.class
        ├── locale
        │   ├── BaseLocale$Cache.class
        │   ├── BaseLocale$Key.class
        │   ├── BaseLocale.class
        │   ├── LocaleObjectCache$CacheEntry.class
        │   ├── LocaleObjectCache.class
        │   └── LocaleUtils.class
        └── PreHashedMap.class

121 directories, 1486 files
