Class.forName;avrora.Main;org.dacapo.harness.Avrora.<init>;27;;
Class.forName;com.sun.nio.zipfs.ZipFileSystemProvider;java.util.ServiceLoader$LazyIterator.nextService;370;;
Class.forName;com.sun.org.apache.xerces.internal.jaxp.datatype.DatatypeFactoryImpl;javax.xml.datatype.FactoryFinder.getProviderClass;113;;
Class.forName;java.net.Inet6AddressImpl;java.net.InetAddress.loadImpl;1474;;
Class.forName;java.security.MessageDigestSpi;java.security.Security.getSpiClass;675;;
Class.forName;org.dacapo.harness.Avrora;org.dacapo.harness.TestHarness.findClass;274;;
Class.forName;sun.net.www.protocol.jar.Handler;java.net.URL.getURLStreamHandler;1223;;
Class.forName;sun.nio.fs.LinuxFileSystemProvider;sun.nio.fs.DefaultFileSystemProvider.createProvider;43;;
Class.forName;sun.security.provider.MD5;java.security.Provider$Service.getImplClass;1634;;
Class.forName;sun.security.provider.SHA;java.security.Provider$Service.getImplClass;1634;;
Class.newInstance;avrora.Defaults$AutoProgramReader;cck.util.ClassMap.getObjectOfClass;171;;
Class.newInstance;avrora.actions.SimAction;cck.util.ClassMap.getObjectOfClass;171;;
Class.newInstance;avrora.monitors.LEDMonitor;cck.util.ClassMap.getObjectOfClass;171;;
Class.newInstance;avrora.monitors.PacketMonitor;cck.util.ClassMap.getObjectOfClass;171;;
Class.newInstance;avrora.sim.platform.Mica2$Factory;cck.util.ClassMap.getObjectOfClass;171;;
Class.newInstance;avrora.sim.types.SensorSimulation;cck.util.ClassMap.getObjectOfClass;171;;
Class.newInstance;com.sun.nio.zipfs.ZipFileSystemProvider;java.util.ServiceLoader$LazyIterator.nextService;380;;
Class.newInstance;com.sun.org.apache.xerces.internal.jaxp.datatype.DatatypeFactoryImpl;javax.xml.datatype.FactoryFinder.newInstance;192;;
Class.newInstance;java.net.Inet6AddressImpl;java.net.InetAddress.loadImpl;1474;;
Class.newInstance;sun.net.www.protocol.jar.Handler;java.net.URL.getURLStreamHandler;1232;;
Class.newInstance;sun.nio.fs.LinuxFileSystemProvider;sun.nio.fs.DefaultFileSystemProvider.createProvider;48;;
Class.newInstance;sun.reflect.GeneratedConstructorAccessor$HASHED$570db84cca35a1d5a50e3c7250eca368333359fd;sun.reflect.MethodAccessorGenerator$1.run;403;;
Class.newInstance;sun.security.provider.Sun;sun.security.jca.ProviderConfig$2.run;221;;
Constructor.newInstance;<avrora.Defaults$AutoProgramReader: void <init>()>;java.lang.Class.newInstance;;isAccessible=true;
Constructor.newInstance;<avrora.actions.SimAction: void <init>()>;java.lang.Class.newInstance;;isAccessible=true;
Constructor.newInstance;<avrora.monitors.LEDMonitor: void <init>()>;java.lang.Class.newInstance;;isAccessible=true;
Constructor.newInstance;<avrora.monitors.PacketMonitor: void <init>()>;java.lang.Class.newInstance;;isAccessible=true;
Constructor.newInstance;<avrora.sim.platform.Mica2$Factory: void <init>()>;java.lang.Class.newInstance;;isAccessible=true;
Constructor.newInstance;<avrora.sim.types.SensorSimulation: void <init>()>;java.lang.Class.newInstance;;isAccessible=true;
Constructor.newInstance;<com.sun.nio.zipfs.ZipFileSystemProvider: void <init>()>;java.lang.Class.newInstance;;isAccessible=true;
Constructor.newInstance;<com.sun.org.apache.xerces.internal.jaxp.datatype.DatatypeFactoryImpl: void <init>()>;java.lang.Class.newInstance;;isAccessible=true;
Constructor.newInstance;<java.net.Inet6AddressImpl: void <init>()>;java.lang.Class.newInstance;;isAccessible=true;
Constructor.newInstance;<java.nio.file.Files$$Lambda$2.787604730: void <init>()>;java.lang.invoke.InnerClassLambdaMetafactory.buildCallSite;215;isAccessible=true;
Constructor.newInstance;<java.util.stream.Collectors$$Lambda$6.1775282465: void <init>()>;java.lang.invoke.InnerClassLambdaMetafactory.buildCallSite;215;isAccessible=true;
Constructor.newInstance;<java.util.stream.Collectors$$Lambda$7.1267032364: void <init>()>;java.lang.invoke.InnerClassLambdaMetafactory.buildCallSite;215;isAccessible=true;
Constructor.newInstance;<java.util.stream.Collectors$$Lambda$8.128893786: void <init>()>;java.lang.invoke.InnerClassLambdaMetafactory.buildCallSite;215;isAccessible=true;
Constructor.newInstance;<java.util.stream.Collectors$$Lambda$9.1732398722: void <init>()>;java.lang.invoke.InnerClassLambdaMetafactory.buildCallSite;215;isAccessible=true;
Constructor.newInstance;<org.dacapo.harness.Avrora: void <init>(org.dacapo.parser.Config,java.io.File,java.io.File)>;org.dacapo.harness.TestHarness.runBenchmark;218;isAccessible=false;
Constructor.newInstance;<org.dacapo.harness.Benchmark$$Lambda$11.1299641336: void <init>()>;java.lang.invoke.InnerClassLambdaMetafactory.buildCallSite;215;isAccessible=true;
Constructor.newInstance;<org.dacapo.harness.CommandLineArgs$$Lambda$3.670700378: void <init>()>;java.lang.invoke.InnerClassLambdaMetafactory.buildCallSite;215;isAccessible=true;
Constructor.newInstance;<org.dacapo.harness.CommandLineArgs$$Lambda$4.728890494: void <init>()>;java.lang.invoke.InnerClassLambdaMetafactory.buildCallSite;215;isAccessible=true;
Constructor.newInstance;<org.dacapo.harness.CommandLineArgs$$Lambda$5.1558600329: void <init>()>;java.lang.invoke.InnerClassLambdaMetafactory.buildCallSite;215;isAccessible=true;
Constructor.newInstance;<sun.net.www.protocol.jar.Handler: void <init>()>;java.lang.Class.newInstance;;isAccessible=true;
Constructor.newInstance;<sun.nio.fs.LinuxFileSystemProvider: void <init>()>;java.lang.Class.newInstance;;isAccessible=true;
Constructor.newInstance;<sun.reflect.GeneratedConstructorAccessor$HASHED$570db84cca35a1d5a50e3c7250eca368333359fd: void <init>()>;java.lang.Class.newInstance;;isAccessible=true;
Constructor.newInstance;<sun.security.provider.MD5: void <init>()>;java.security.Provider$Service.newInstance;1595;isAccessible=false;
Constructor.newInstance;<sun.security.provider.SHA: void <init>()>;java.security.Provider$Service.newInstance;1595;isAccessible=false;
Constructor.newInstance;<sun.security.provider.Sun: void <init>()>;java.lang.Class.newInstance;;isAccessible=true;
Method.invoke;<avrora.Main: void main(java.lang.String[])>;org.dacapo.harness.Avrora.iterate;48;isAccessible=false;
Method.invoke;<java.util.stream.Collector$Characteristics: java.util.stream.Collector$Characteristics[] values()>;java.lang.Class.getEnumConstantsShared;;isAccessible=true;
Method.invoke;<java.util.stream.StreamOpFlag$Type: java.util.stream.StreamOpFlag$Type[] values()>;java.lang.Class.getEnumConstantsShared;;isAccessible=true;
Method.invoke;<org.dacapo.harness.TestHarness: void main(java.lang.String[])>;Harness.main;39;isAccessible=false;
