Class.forName;byte[];sun.security.pkcs.PKCS9Attribute.<clinit>;193;;
Class.forName;com.sun.nio.zipfs.ZipFileSystemProvider;java.util.ServiceLoader$LazyIterator.nextService;370;;
Class.forName;com.sun.org.apache.xerces.internal.jaxp.datatype.DatatypeFactoryImpl;javax.xml.datatype.FactoryFinder.getProviderClass;113;;
Class.forName;java.awt.EventQueue;sun.awt.SunToolkit.initEQ;123;;
Class.forName;java.lang.String;sun.security.pkcs.PKCS9Attribute.<clinit>;276;;
Class.forName;java.lang.String[];sun.security.pkcs.PKCS9Attribute.<clinit>;264;;
Class.forName;java.net.Inet6AddressImpl;java.net.InetAddress.loadImpl;1474;;
Class.forName;java.security.AlgorithmParametersSpi;java.security.Security.getSpiClass;675;;
Class.forName;java.security.MessageDigestSpi;java.security.Security.getSpiClass;675;;
Class.forName;java.security.interfaces.DSAPrivateKey;java.security.Provider$Service.getKeyClass;1786;;
Class.forName;java.security.interfaces.DSAPublicKey;java.security.Provider$Service.getKeyClass;1786;;
Class.forName;java.security.spec.DSAParameterSpec;sun.security.provider.DSAParameters.engineGetParameterSpec;103;;
Class.forName;java.util.Date;sun.security.pkcs.PKCS9Attribute.<clinit>;272;;
Class.forName;java.util.logging.LoggingProxyImpl;sun.util.logging.LoggingSupport$1.run;54;;
Class.forName;org.dacapo.harness.Sunflow;org.dacapo.harness.TestHarness.findClass;274;;
Class.forName;org.sunflow.Benchmark;org.dacapo.harness.Sunflow.<init>;30;;
Class.forName;sun.net.www.protocol.jar.Handler;java.net.URL.getURLStreamHandler;1223;;
Class.forName;sun.nio.fs.LinuxFileSystemProvider;sun.nio.fs.DefaultFileSystemProvider.createProvider;43;;
Class.forName;sun.security.pkcs.SignerInfo[];sun.security.pkcs.PKCS9Attribute.<clinit>;274;;
Class.forName;sun.security.provider.DSA$SHA1withDSA;java.security.Provider$Service.getImplClass;1634;;
Class.forName;sun.security.provider.DSAKeyFactory;java.security.Provider$Service.getImplClass;1634;;
Class.forName;sun.security.provider.DSAParameters;java.security.Provider$Service.getImplClass;1634;;
Class.forName;sun.security.provider.MD5;java.security.Provider$Service.getImplClass;1634;;
Class.forName;sun.security.provider.NativePRNG;java.security.Provider$Service.getImplClass;1634;;
Class.forName;sun.security.provider.SHA;java.security.Provider$Service.getImplClass;1634;;
Class.forName;sun.security.provider.X509Factory;java.security.Provider$Service.getImplClass;1634;;
Class.forName;sun.security.util.ObjectIdentifier;sun.security.pkcs.PKCS9Attribute.<clinit>;270;;
Class.forName;sun.security.x509.CertificateExtensions;sun.security.pkcs.PKCS9Attribute.<clinit>;284;;
Class.forName;sun.util.logging.PlatformLogger$DefaultLoggerProxy;sun.util.logging.PlatformLogger.<clinit>;173;;
Class.forName;sun.util.logging.PlatformLogger$JavaLoggerProxy;sun.util.logging.PlatformLogger.<clinit>;176;;
Class.newInstance;com.sun.nio.zipfs.ZipFileSystemProvider;java.util.ServiceLoader$LazyIterator.nextService;380;;
Class.newInstance;com.sun.org.apache.xerces.internal.jaxp.datatype.DatatypeFactoryImpl;javax.xml.datatype.FactoryFinder.newInstance;192;;
Class.newInstance;java.awt.EventQueue;sun.awt.SunToolkit.initEQ;123;;
Class.newInstance;java.net.Inet6AddressImpl;java.net.InetAddress.loadImpl;1474;;
Class.newInstance;sun.awt.resources.awt;java.util.ResourceBundle$Control.newBundle;2662;;
Class.newInstance;sun.net.www.protocol.jar.Handler;java.net.URL.getURLStreamHandler;1232;;
Class.newInstance;sun.nio.fs.LinuxFileSystemProvider;sun.nio.fs.DefaultFileSystemProvider.createProvider;48;;
Class.newInstance;sun.security.provider.Sun;sun.security.jca.ProviderConfig$2.run;221;;
Class.newInstance;sun.text.resources.FormatData;java.util.ResourceBundle$Control.newBundle;2662;;
Class.newInstance;sun.text.resources.en.FormatData_en;java.util.ResourceBundle$Control.newBundle;2662;;
Class.newInstance;sun.text.resources.en.FormatData_en_AU;java.util.ResourceBundle$Control.newBundle;2662;;
Class.newInstance;sun.util.logging.resources.logging;java.util.ResourceBundle$Control.newBundle;2662;;
Class.newInstance;sun.util.resources.CurrencyNames;java.util.ResourceBundle$Control.newBundle;2662;;
Class.newInstance;sun.util.resources.en.CurrencyNames_en_AU;java.util.ResourceBundle$Control.newBundle;2662;;
Constructor.newInstance;<com.sun.nio.zipfs.ZipFileSystemProvider: void <init>()>;java.lang.Class.newInstance;;isAccessible=true;
Constructor.newInstance;<com.sun.org.apache.xerces.internal.jaxp.datatype.DatatypeFactoryImpl: void <init>()>;java.lang.Class.newInstance;;isAccessible=true;
Constructor.newInstance;<java.awt.EventQueue: void <init>()>;java.lang.Class.newInstance;;isAccessible=true;
Constructor.newInstance;<java.awt.GraphicsEnvironment$$Lambda$12.999661724: void <init>()>;java.lang.invoke.InnerClassLambdaMetafactory.buildCallSite;215;isAccessible=true;
Constructor.newInstance;<java.net.Inet6AddressImpl: void <init>()>;java.lang.Class.newInstance;;isAccessible=true;
Constructor.newInstance;<java.nio.file.Files$$Lambda$2.787604730: void <init>()>;java.lang.invoke.InnerClassLambdaMetafactory.buildCallSite;215;isAccessible=true;
Constructor.newInstance;<java.time.chrono.AbstractChronology$$Lambda$15.607635164: void <init>()>;java.lang.invoke.InnerClassLambdaMetafactory.buildCallSite;215;isAccessible=true;
Constructor.newInstance;<java.time.chrono.AbstractChronology$$Lambda$16.242481580: void <init>()>;java.lang.invoke.InnerClassLambdaMetafactory.buildCallSite;215;isAccessible=true;
Constructor.newInstance;<java.time.chrono.AbstractChronology$$Lambda$17.2065530879: void <init>()>;java.lang.invoke.InnerClassLambdaMetafactory.buildCallSite;215;isAccessible=true;
Constructor.newInstance;<java.time.format.DateTimeFormatter$$Lambda$18.2066940133: void <init>()>;java.lang.invoke.InnerClassLambdaMetafactory.buildCallSite;215;isAccessible=true;
Constructor.newInstance;<java.time.format.DateTimeFormatter$$Lambda$19.48612937: void <init>()>;java.lang.invoke.InnerClassLambdaMetafactory.buildCallSite;215;isAccessible=true;
Constructor.newInstance;<java.time.format.DateTimeFormatterBuilder$$Lambda$14.559450121: void <init>()>;java.lang.invoke.InnerClassLambdaMetafactory.buildCallSite;215;isAccessible=true;
Constructor.newInstance;<java.util.stream.Collectors$$Lambda$6.1775282465: void <init>()>;java.lang.invoke.InnerClassLambdaMetafactory.buildCallSite;215;isAccessible=true;
Constructor.newInstance;<java.util.stream.Collectors$$Lambda$7.1267032364: void <init>()>;java.lang.invoke.InnerClassLambdaMetafactory.buildCallSite;215;isAccessible=true;
Constructor.newInstance;<java.util.stream.Collectors$$Lambda$8.128893786: void <init>()>;java.lang.invoke.InnerClassLambdaMetafactory.buildCallSite;215;isAccessible=true;
Constructor.newInstance;<java.util.stream.Collectors$$Lambda$9.1732398722: void <init>()>;java.lang.invoke.InnerClassLambdaMetafactory.buildCallSite;215;isAccessible=true;
Constructor.newInstance;<org.dacapo.harness.Benchmark$$Lambda$11.598446861: void <init>()>;java.lang.invoke.InnerClassLambdaMetafactory.buildCallSite;215;isAccessible=true;
Constructor.newInstance;<org.dacapo.harness.CommandLineArgs$$Lambda$3.670700378: void <init>()>;java.lang.invoke.InnerClassLambdaMetafactory.buildCallSite;215;isAccessible=true;
Constructor.newInstance;<org.dacapo.harness.CommandLineArgs$$Lambda$4.728890494: void <init>()>;java.lang.invoke.InnerClassLambdaMetafactory.buildCallSite;215;isAccessible=true;
Constructor.newInstance;<org.dacapo.harness.CommandLineArgs$$Lambda$5.1558600329: void <init>()>;java.lang.invoke.InnerClassLambdaMetafactory.buildCallSite;215;isAccessible=true;
Constructor.newInstance;<org.dacapo.harness.Sunflow: void <init>(org.dacapo.parser.Config,java.io.File,java.io.File)>;org.dacapo.harness.TestHarness.runBenchmark;218;isAccessible=false;
Constructor.newInstance;<org.sunflow.Benchmark: void <init>(int,boolean,boolean,boolean,int,int)>;org.dacapo.harness.Sunflow.preIteration;54;isAccessible=false;
Constructor.newInstance;<sun.awt.resources.awt: void <init>()>;java.lang.Class.newInstance;;isAccessible=true;
Constructor.newInstance;<sun.java2d.Disposer$$Lambda$13.608188624: void <init>()>;java.lang.invoke.InnerClassLambdaMetafactory.buildCallSite;215;isAccessible=true;
Constructor.newInstance;<sun.net.www.protocol.jar.Handler: void <init>()>;java.lang.Class.newInstance;;isAccessible=true;
Constructor.newInstance;<sun.nio.fs.LinuxFileSystemProvider: void <init>()>;java.lang.Class.newInstance;;isAccessible=true;
Constructor.newInstance;<sun.security.provider.DSA$SHA1withDSA: void <init>()>;java.security.Provider$Service.newInstance;1595;isAccessible=false;
Constructor.newInstance;<sun.security.provider.DSAKeyFactory: void <init>()>;java.security.Provider$Service.newInstance;1595;isAccessible=false;
Constructor.newInstance;<sun.security.provider.DSAParameters: void <init>()>;java.security.Provider$Service.newInstance;1595;isAccessible=false;
Constructor.newInstance;<sun.security.provider.MD5: void <init>()>;java.security.Provider$Service.newInstance;1595;isAccessible=false;
Constructor.newInstance;<sun.security.provider.NativePRNG: void <init>()>;java.security.Provider$Service.newInstance;1595;isAccessible=false;
Constructor.newInstance;<sun.security.provider.SHA: void <init>()>;java.security.Provider$Service.newInstance;1595;isAccessible=false;
Constructor.newInstance;<sun.security.provider.Sun: void <init>()>;java.lang.Class.newInstance;;isAccessible=true;
Constructor.newInstance;<sun.security.provider.X509Factory: void <init>()>;java.security.Provider$Service.newInstance;1595;isAccessible=false;
Constructor.newInstance;<sun.text.resources.FormatData: void <init>()>;java.lang.Class.newInstance;;isAccessible=true;
Constructor.newInstance;<sun.text.resources.en.FormatData_en: void <init>()>;java.lang.Class.newInstance;;isAccessible=true;
Constructor.newInstance;<sun.text.resources.en.FormatData_en_AU: void <init>()>;java.lang.Class.newInstance;;isAccessible=true;
Constructor.newInstance;<sun.util.logging.resources.logging: void <init>()>;java.lang.Class.newInstance;;isAccessible=true;
Constructor.newInstance;<sun.util.resources.CurrencyNames: void <init>()>;java.lang.Class.newInstance;;isAccessible=true;
Constructor.newInstance;<sun.util.resources.en.CurrencyNames_en_AU: void <init>()>;java.lang.Class.newInstance;;isAccessible=true;
Method.invoke;<java.nio.file.StandardOpenOption: java.nio.file.StandardOpenOption[] values()>;java.lang.Class.getEnumConstantsShared;;isAccessible=true;
Method.invoke;<java.nio.file.attribute.PosixFilePermission: java.nio.file.attribute.PosixFilePermission[] values()>;java.lang.Class.getEnumConstantsShared;;isAccessible=true;
Method.invoke;<java.util.stream.Collector$Characteristics: java.util.stream.Collector$Characteristics[] values()>;java.lang.Class.getEnumConstantsShared;;isAccessible=true;
Method.invoke;<java.util.stream.StreamOpFlag$Type: java.util.stream.StreamOpFlag$Type[] values()>;java.lang.Class.getEnumConstantsShared;;isAccessible=true;
Method.invoke;<org.dacapo.harness.TestHarness: void main(java.lang.String[])>;Harness.main;39;isAccessible=false;
Method.invoke;<org.sunflow.Benchmark: void kernelBegin()>;org.dacapo.harness.Sunflow.preIteration;58;isAccessible=false;
Method.invoke;<org.sunflow.Benchmark: void kernelEnd()>;org.dacapo.harness.Sunflow.validate;84;isAccessible=false;
Method.invoke;<org.sunflow.Benchmark: void kernelMain()>;org.dacapo.harness.Sunflow.iterate;70;isAccessible=false;
Method.invoke;<org.sunflow.core.ParameterList$InterpolationType: org.sunflow.core.ParameterList$InterpolationType[] values()>;java.lang.Class.getEnumConstantsShared;;isAccessible=true;
